<?xml version="1.0" encoding="UTF-8"?>
<testsuite xmlns:xsi="http://www.w3.org/2001/XMLSchema-instance" xsi:noNamespaceSchemaLocation="https://maven.apache.org/surefire/maven-surefire-plugin/xsd/surefire-test-report.xsd" name="com.project.itemservice.ItemServiceApplicationTests" time="9.283" tests="1" errors="0" skipped="0" failures="0">
  <properties>
    <property name="java.specification.version" value="18"/>
    <property name="sun.cpu.isalist" value="amd64"/>
    <property name="sun.jnu.encoding" value="GBK"/>
    <property name="java.class.path" value="e:\Study\ChuwaProject\online-shopping\ItemService\target\test-classes;e:\Study\ChuwaProject\online-shopping\ItemService\target\classes;E:\App\apache-maven-3.9.6\mvn_repo\org\springframework\boot\spring-boot-starter-data-mongodb\2.7.1\spring-boot-starter-data-mongodb-2.7.1.jar;E:\App\apache-maven-3.9.6\mvn_repo\org\springframework\boot\spring-boot-starter\2.7.1\spring-boot-starter-2.7.1.jar;E:\App\apache-maven-3.9.6\mvn_repo\org\springframework\boot\spring-boot-starter-logging\2.7.1\spring-boot-starter-logging-2.7.1.jar;E:\App\apache-maven-3.9.6\mvn_repo\ch\qos\logback\logback-classic\1.2.11\logback-classic-1.2.11.jar;E:\App\apache-maven-3.9.6\mvn_repo\ch\qos\logback\logback-core\1.2.11\logback-core-1.2.11.jar;E:\App\apache-maven-3.9.6\mvn_repo\org\apache\logging\log4j\log4j-to-slf4j\2.17.2\log4j-to-slf4j-2.17.2.jar;E:\App\apache-maven-3.9.6\mvn_repo\org\apache\logging\log4j\log4j-api\2.17.2\log4j-api-2.17.2.jar;E:\App\apache-maven-3.9.6\mvn_repo\org\slf4j\jul-to-slf4j\1.7.36\jul-to-slf4j-1.7.36.jar;E:\App\apache-maven-3.9.6\mvn_repo\jakarta\annotation\jakarta.annotation-api\1.3.5\jakarta.annotation-api-1.3.5.jar;E:\App\apache-maven-3.9.6\mvn_repo\org\yaml\snakeyaml\1.30\snakeyaml-1.30.jar;E:\App\apache-maven-3.9.6\mvn_repo\org\springframework\data\spring-data-mongodb\3.4.1\spring-data-mongodb-3.4.1.jar;E:\App\apache-maven-3.9.6\mvn_repo\org\springframework\spring-tx\5.3.21\spring-tx-5.3.21.jar;E:\App\apache-maven-3.9.6\mvn_repo\org\springframework\spring-context\5.3.21\spring-context-5.3.21.jar;E:\App\apache-maven-3.9.6\mvn_repo\org\springframework\spring-beans\5.3.21\spring-beans-5.3.21.jar;E:\App\apache-maven-3.9.6\mvn_repo\org\springframework\spring-expression\5.3.21\spring-expression-5.3.21.jar;E:\App\apache-maven-3.9.6\mvn_repo\org\springframework\data\spring-data-commons\2.7.1\spring-data-commons-2.7.1.jar;E:\App\apache-maven-3.9.6\mvn_repo\org\slf4j\slf4j-api\1.7.36\slf4j-api-1.7.36.jar;E:\App\apache-maven-3.9.6\mvn_repo\org\springframework\boot\spring-boot-starter-web\2.7.1\spring-boot-starter-web-2.7.1.jar;E:\App\apache-maven-3.9.6\mvn_repo\org\springframework\boot\spring-boot-starter-json\2.7.1\spring-boot-starter-json-2.7.1.jar;E:\App\apache-maven-3.9.6\mvn_repo\com\fasterxml\jackson\core\jackson-databind\2.13.3\jackson-databind-2.13.3.jar;E:\App\apache-maven-3.9.6\mvn_repo\com\fasterxml\jackson\datatype\jackson-datatype-jdk8\2.13.3\jackson-datatype-jdk8-2.13.3.jar;E:\App\apache-maven-3.9.6\mvn_repo\com\fasterxml\jackson\datatype\jackson-datatype-jsr310\2.13.3\jackson-datatype-jsr310-2.13.3.jar;E:\App\apache-maven-3.9.6\mvn_repo\com\fasterxml\jackson\module\jackson-module-parameter-names\2.13.3\jackson-module-parameter-names-2.13.3.jar;E:\App\apache-maven-3.9.6\mvn_repo\org\springframework\boot\spring-boot-starter-tomcat\2.7.1\spring-boot-starter-tomcat-2.7.1.jar;E:\App\apache-maven-3.9.6\mvn_repo\org\apache\tomcat\embed\tomcat-embed-core\9.0.64\tomcat-embed-core-9.0.64.jar;E:\App\apache-maven-3.9.6\mvn_repo\org\apache\tomcat\embed\tomcat-embed-el\9.0.64\tomcat-embed-el-9.0.64.jar;E:\App\apache-maven-3.9.6\mvn_repo\org\apache\tomcat\embed\tomcat-embed-websocket\9.0.64\tomcat-embed-websocket-9.0.64.jar;E:\App\apache-maven-3.9.6\mvn_repo\org\springframework\spring-web\5.3.21\spring-web-5.3.21.jar;E:\App\apache-maven-3.9.6\mvn_repo\org\springframework\spring-webmvc\5.3.21\spring-webmvc-5.3.21.jar;E:\App\apache-maven-3.9.6\mvn_repo\org\springframework\spring-aop\5.3.21\spring-aop-5.3.21.jar;E:\App\apache-maven-3.9.6\mvn_repo\org\springframework\boot\spring-boot-devtools\2.7.1\spring-boot-devtools-2.7.1.jar;E:\App\apache-maven-3.9.6\mvn_repo\org\springframework\boot\spring-boot\2.7.1\spring-boot-2.7.1.jar;E:\App\apache-maven-3.9.6\mvn_repo\org\springframework\boot\spring-boot-autoconfigure\2.7.1\spring-boot-autoconfigure-2.7.1.jar;E:\App\apache-maven-3.9.6\mvn_repo\org\projectlombok\lombok\1.18.24\lombok-1.18.24.jar;E:\App\apache-maven-3.9.6\mvn_repo\org\springframework\boot\spring-boot-starter-test\2.7.1\spring-boot-starter-test-2.7.1.jar;E:\App\apache-maven-3.9.6\mvn_repo\org\springframework\boot\spring-boot-test\2.7.1\spring-boot-test-2.7.1.jar;E:\App\apache-maven-3.9.6\mvn_repo\org\springframework\boot\spring-boot-test-autoconfigure\2.7.1\spring-boot-test-autoconfigure-2.7.1.jar;E:\App\apache-maven-3.9.6\mvn_repo\com\jayway\jsonpath\json-path\2.7.0\json-path-2.7.0.jar;E:\App\apache-maven-3.9.6\mvn_repo\net\minidev\json-smart\2.4.8\json-smart-2.4.8.jar;E:\App\apache-maven-3.9.6\mvn_repo\net\minidev\accessors-smart\2.4.8\accessors-smart-2.4.8.jar;E:\App\apache-maven-3.9.6\mvn_repo\org\ow2\asm\asm\9.1\asm-9.1.jar;E:\App\apache-maven-3.9.6\mvn_repo\jakarta\xml\bind\jakarta.xml.bind-api\2.3.3\jakarta.xml.bind-api-2.3.3.jar;E:\App\apache-maven-3.9.6\mvn_repo\jakarta\activation\jakarta.activation-api\1.2.2\jakarta.activation-api-1.2.2.jar;E:\App\apache-maven-3.9.6\mvn_repo\org\assertj\assertj-core\3.22.0\assertj-core-3.22.0.jar;E:\App\apache-maven-3.9.6\mvn_repo\org\hamcrest\hamcrest\2.2\hamcrest-2.2.jar;E:\App\apache-maven-3.9.6\mvn_repo\org\junit\jupiter\junit-jupiter\5.8.2\junit-jupiter-5.8.2.jar;E:\App\apache-maven-3.9.6\mvn_repo\org\junit\jupiter\junit-jupiter-api\5.8.2\junit-jupiter-api-5.8.2.jar;E:\App\apache-maven-3.9.6\mvn_repo\org\opentest4j\opentest4j\1.2.0\opentest4j-1.2.0.jar;E:\App\apache-maven-3.9.6\mvn_repo\org\junit\platform\junit-platform-commons\1.8.2\junit-platform-commons-1.8.2.jar;E:\App\apache-maven-3.9.6\mvn_repo\org\apiguardian\apiguardian-api\1.1.2\apiguardian-api-1.1.2.jar;E:\App\apache-maven-3.9.6\mvn_repo\org\junit\jupiter\junit-jupiter-params\5.8.2\junit-jupiter-params-5.8.2.jar;E:\App\apache-maven-3.9.6\mvn_repo\org\junit\jupiter\junit-jupiter-engine\5.8.2\junit-jupiter-engine-5.8.2.jar;E:\App\apache-maven-3.9.6\mvn_repo\org\junit\platform\junit-platform-engine\1.8.2\junit-platform-engine-1.8.2.jar;E:\App\apache-maven-3.9.6\mvn_repo\org\mockito\mockito-core\4.5.1\mockito-core-4.5.1.jar;E:\App\apache-maven-3.9.6\mvn_repo\net\bytebuddy\byte-buddy\1.12.11\byte-buddy-1.12.11.jar;E:\App\apache-maven-3.9.6\mvn_repo\net\bytebuddy\byte-buddy-agent\1.12.11\byte-buddy-agent-1.12.11.jar;E:\App\apache-maven-3.9.6\mvn_repo\org\objenesis\objenesis\3.2\objenesis-3.2.jar;E:\App\apache-maven-3.9.6\mvn_repo\org\mockito\mockito-junit-jupiter\4.5.1\mockito-junit-jupiter-4.5.1.jar;E:\App\apache-maven-3.9.6\mvn_repo\org\skyscreamer\jsonassert\1.5.0\jsonassert-1.5.0.jar;E:\App\apache-maven-3.9.6\mvn_repo\com\vaadin\external\google\android-json\0.0.20131108.vaadin1\android-json-0.0.20131108.vaadin1.jar;E:\App\apache-maven-3.9.6\mvn_repo\org\springframework\spring-core\5.3.21\spring-core-5.3.21.jar;E:\App\apache-maven-3.9.6\mvn_repo\org\springframework\spring-jcl\5.3.21\spring-jcl-5.3.21.jar;E:\App\apache-maven-3.9.6\mvn_repo\org\springframework\spring-test\5.3.21\spring-test-5.3.21.jar;E:\App\apache-maven-3.9.6\mvn_repo\org\xmlunit\xmlunit-core\2.9.0\xmlunit-core-2.9.0.jar;E:\App\apache-maven-3.9.6\mvn_repo\org\mongodb\mongodb-driver-sync\4.6.1\mongodb-driver-sync-4.6.1.jar;E:\App\apache-maven-3.9.6\mvn_repo\org\mongodb\bson\4.6.1\bson-4.6.1.jar;E:\App\apache-maven-3.9.6\mvn_repo\org\mongodb\mongodb-driver-core\4.6.1\mongodb-driver-core-4.6.1.jar;E:\App\apache-maven-3.9.6\mvn_repo\org\mongodb\bson-record-codec\5.5.1\bson-record-codec-5.5.1.jar;E:\App\apache-maven-3.9.6\mvn_repo\org\springframework\cloud\spring-cloud-starter-netflix-eureka-client\3.1.3\spring-cloud-starter-netflix-eureka-client-3.1.3.jar;E:\App\apache-maven-3.9.6\mvn_repo\org\springframework\cloud\spring-cloud-starter\3.1.3\spring-cloud-starter-3.1.3.jar;E:\App\apache-maven-3.9.6\mvn_repo\org\springframework\cloud\spring-cloud-context\3.1.3\spring-cloud-context-3.1.3.jar;E:\App\apache-maven-3.9.6\mvn_repo\org\springframework\security\spring-security-crypto\5.7.2\spring-security-crypto-5.7.2.jar;E:\App\apache-maven-3.9.6\mvn_repo\org\springframework\cloud\spring-cloud-commons\3.1.3\spring-cloud-commons-3.1.3.jar;E:\App\apache-maven-3.9.6\mvn_repo\org\springframework\security\spring-security-rsa\1.0.10.RELEASE\spring-security-rsa-1.0.10.RELEASE.jar;E:\App\apache-maven-3.9.6\mvn_repo\org\bouncycastle\bcpkix-jdk15on\1.68\bcpkix-jdk15on-1.68.jar;E:\App\apache-maven-3.9.6\mvn_repo\org\bouncycastle\bcprov-jdk15on\1.68\bcprov-jdk15on-1.68.jar;E:\App\apache-maven-3.9.6\mvn_repo\org\springframework\cloud\spring-cloud-netflix-eureka-client\3.1.3\spring-cloud-netflix-eureka-client-3.1.3.jar;E:\App\apache-maven-3.9.6\mvn_repo\com\netflix\eureka\eureka-client\1.10.17\eureka-client-1.10.17.jar;E:\App\apache-maven-3.9.6\mvn_repo\com\netflix\netflix-commons\netflix-eventbus\0.3.0\netflix-eventbus-0.3.0.jar;E:\App\apache-maven-3.9.6\mvn_repo\com\netflix\netflix-commons\netflix-infix\0.3.0\netflix-infix-0.3.0.jar;E:\App\apache-maven-3.9.6\mvn_repo\commons-jxpath\commons-jxpath\1.3\commons-jxpath-1.3.jar;E:\App\apache-maven-3.9.6\mvn_repo\joda-time\joda-time\2.3\joda-time-2.3.jar;E:\App\apache-maven-3.9.6\mvn_repo\org\antlr\antlr-runtime\3.4\antlr-runtime-3.4.jar;E:\App\apache-maven-3.9.6\mvn_repo\org\antlr\stringtemplate\3.2.1\stringtemplate-3.2.1.jar;E:\App\apache-maven-3.9.6\mvn_repo\antlr\antlr\2.7.7\antlr-2.7.7.jar;E:\App\apache-maven-3.9.6\mvn_repo\com\google\code\gson\gson\2.9.0\gson-2.9.0.jar;E:\App\apache-maven-3.9.6\mvn_repo\org\apache\commons\commons-math\2.2\commons-math-2.2.jar;E:\App\apache-maven-3.9.6\mvn_repo\com\thoughtworks\xstream\xstream\1.4.18\xstream-1.4.18.jar;E:\App\apache-maven-3.9.6\mvn_repo\io\github\x-stream\mxparser\1.2.2\mxparser-1.2.2.jar;E:\App\apache-maven-3.9.6\mvn_repo\xmlpull\xmlpull\1.1.3.1\xmlpull-1.1.3.1.jar;E:\App\apache-maven-3.9.6\mvn_repo\javax\ws\rs\jsr311-api\1.1.1\jsr311-api-1.1.1.jar;E:\App\apache-maven-3.9.6\mvn_repo\com\netflix\servo\servo-core\0.12.21\servo-core-0.12.21.jar;E:\App\apache-maven-3.9.6\mvn_repo\com\google\guava\guava\19.0\guava-19.0.jar;E:\App\apache-maven-3.9.6\mvn_repo\org\apache\httpcomponents\httpclient\4.5.13\httpclient-4.5.13.jar;E:\App\apache-maven-3.9.6\mvn_repo\org\apache\httpcomponents\httpcore\4.4.15\httpcore-4.4.15.jar;E:\App\apache-maven-3.9.6\mvn_repo\commons-codec\commons-codec\1.15\commons-codec-1.15.jar;E:\App\apache-maven-3.9.6\mvn_repo\commons-configuration\commons-configuration\1.10\commons-configuration-1.10.jar;E:\App\apache-maven-3.9.6\mvn_repo\commons-lang\commons-lang\2.6\commons-lang-2.6.jar;E:\App\apache-maven-3.9.6\mvn_repo\com\google\inject\guice\4.1.0\guice-4.1.0.jar;E:\App\apache-maven-3.9.6\mvn_repo\javax\inject\javax.inject\1\javax.inject-1.jar;E:\App\apache-maven-3.9.6\mvn_repo\com\fasterxml\jackson\core\jackson-annotations\2.13.3\jackson-annotations-2.13.3.jar;E:\App\apache-maven-3.9.6\mvn_repo\com\fasterxml\jackson\core\jackson-core\2.13.3\jackson-core-2.13.3.jar;E:\App\apache-maven-3.9.6\mvn_repo\org\codehaus\jettison\jettison\1.4.0\jettison-1.4.0.jar;E:\App\apache-maven-3.9.6\mvn_repo\com\netflix\eureka\eureka-core\1.10.17\eureka-core-1.10.17.jar;E:\App\apache-maven-3.9.6\mvn_repo\com\fasterxml\woodstox\woodstox-core\6.2.1\woodstox-core-6.2.1.jar;E:\App\apache-maven-3.9.6\mvn_repo\org\codehaus\woodstox\stax2-api\4.2.1\stax2-api-4.2.1.jar;E:\App\apache-maven-3.9.6\mvn_repo\org\springframework\cloud\spring-cloud-starter-loadbalancer\3.1.3\spring-cloud-starter-loadbalancer-3.1.3.jar;E:\App\apache-maven-3.9.6\mvn_repo\org\springframework\cloud\spring-cloud-loadbalancer\3.1.3\spring-cloud-loadbalancer-3.1.3.jar;E:\App\apache-maven-3.9.6\mvn_repo\io\projectreactor\reactor-core\3.4.19\reactor-core-3.4.19.jar;E:\App\apache-maven-3.9.6\mvn_repo\org\reactivestreams\reactive-streams\1.0.4\reactive-streams-1.0.4.jar;E:\App\apache-maven-3.9.6\mvn_repo\io\projectreactor\addons\reactor-extra\3.4.8\reactor-extra-3.4.8.jar;E:\App\apache-maven-3.9.6\mvn_repo\org\springframework\boot\spring-boot-starter-cache\2.7.1\spring-boot-starter-cache-2.7.1.jar;E:\App\apache-maven-3.9.6\mvn_repo\org\springframework\spring-context-support\5.3.21\spring-context-support-5.3.21.jar;E:\App\apache-maven-3.9.6\mvn_repo\com\stoyanr\evictor\1.0.0\evictor-1.0.0.jar;"/>
    <property name="java.vm.vendor" value="Oracle Corporation"/>
    <property name="sun.arch.data.model" value="64"/>
    <property name="user.variant" value=""/>
    <property name="java.vendor.url" value="https://java.oracle.com/"/>
    <property name="user.timezone" value="America/Los_Angeles"/>
    <property name="os.name" value="Windows 11"/>
    <property name="java.vm.specification.version" value="18"/>
    <property name="sun.java.launcher" value="SUN_STANDARD"/>
    <property name="user.country" value="US"/>
    <property name="sun.boot.library.path" value="E:\Study\JDK\bin"/>
    <property name="sun.java.command" value="C:\Users\muran\AppData\Local\Temp\surefire1969239003569924668\surefirebooter13442109294092745236.jar C:\Users\muran\AppData\Local\Temp\surefire1969239003569924668 2025-08-07T13-27-14_660-jvmRun1 surefire18014349185983795880tmp surefire_05046979913343266975tmp"/>
    <property name="jdk.debug" value="release"/>
    <property name="surefire.test.class.path" value="e:\Study\ChuwaProject\online-shopping\ItemService\target\test-classes;e:\Study\ChuwaProject\online-shopping\ItemService\target\classes;E:\App\apache-maven-3.9.6\mvn_repo\org\springframework\boot\spring-boot-starter-data-mongodb\2.7.1\spring-boot-starter-data-mongodb-2.7.1.jar;E:\App\apache-maven-3.9.6\mvn_repo\org\springframework\boot\spring-boot-starter\2.7.1\spring-boot-starter-2.7.1.jar;E:\App\apache-maven-3.9.6\mvn_repo\org\springframework\boot\spring-boot-starter-logging\2.7.1\spring-boot-starter-logging-2.7.1.jar;E:\App\apache-maven-3.9.6\mvn_repo\ch\qos\logback\logback-classic\1.2.11\logback-classic-1.2.11.jar;E:\App\apache-maven-3.9.6\mvn_repo\ch\qos\logback\logback-core\1.2.11\logback-core-1.2.11.jar;E:\App\apache-maven-3.9.6\mvn_repo\org\apache\logging\log4j\log4j-to-slf4j\2.17.2\log4j-to-slf4j-2.17.2.jar;E:\App\apache-maven-3.9.6\mvn_repo\org\apache\logging\log4j\log4j-api\2.17.2\log4j-api-2.17.2.jar;E:\App\apache-maven-3.9.6\mvn_repo\org\slf4j\jul-to-slf4j\1.7.36\jul-to-slf4j-1.7.36.jar;E:\App\apache-maven-3.9.6\mvn_repo\jakarta\annotation\jakarta.annotation-api\1.3.5\jakarta.annotation-api-1.3.5.jar;E:\App\apache-maven-3.9.6\mvn_repo\org\yaml\snakeyaml\1.30\snakeyaml-1.30.jar;E:\App\apache-maven-3.9.6\mvn_repo\org\springframework\data\spring-data-mongodb\3.4.1\spring-data-mongodb-3.4.1.jar;E:\App\apache-maven-3.9.6\mvn_repo\org\springframework\spring-tx\5.3.21\spring-tx-5.3.21.jar;E:\App\apache-maven-3.9.6\mvn_repo\org\springframework\spring-context\5.3.21\spring-context-5.3.21.jar;E:\App\apache-maven-3.9.6\mvn_repo\org\springframework\spring-beans\5.3.21\spring-beans-5.3.21.jar;E:\App\apache-maven-3.9.6\mvn_repo\org\springframework\spring-expression\5.3.21\spring-expression-5.3.21.jar;E:\App\apache-maven-3.9.6\mvn_repo\org\springframework\data\spring-data-commons\2.7.1\spring-data-commons-2.7.1.jar;E:\App\apache-maven-3.9.6\mvn_repo\org\slf4j\slf4j-api\1.7.36\slf4j-api-1.7.36.jar;E:\App\apache-maven-3.9.6\mvn_repo\org\springframework\boot\spring-boot-starter-web\2.7.1\spring-boot-starter-web-2.7.1.jar;E:\App\apache-maven-3.9.6\mvn_repo\org\springframework\boot\spring-boot-starter-json\2.7.1\spring-boot-starter-json-2.7.1.jar;E:\App\apache-maven-3.9.6\mvn_repo\com\fasterxml\jackson\core\jackson-databind\2.13.3\jackson-databind-2.13.3.jar;E:\App\apache-maven-3.9.6\mvn_repo\com\fasterxml\jackson\datatype\jackson-datatype-jdk8\2.13.3\jackson-datatype-jdk8-2.13.3.jar;E:\App\apache-maven-3.9.6\mvn_repo\com\fasterxml\jackson\datatype\jackson-datatype-jsr310\2.13.3\jackson-datatype-jsr310-2.13.3.jar;E:\App\apache-maven-3.9.6\mvn_repo\com\fasterxml\jackson\module\jackson-module-parameter-names\2.13.3\jackson-module-parameter-names-2.13.3.jar;E:\App\apache-maven-3.9.6\mvn_repo\org\springframework\boot\spring-boot-starter-tomcat\2.7.1\spring-boot-starter-tomcat-2.7.1.jar;E:\App\apache-maven-3.9.6\mvn_repo\org\apache\tomcat\embed\tomcat-embed-core\9.0.64\tomcat-embed-core-9.0.64.jar;E:\App\apache-maven-3.9.6\mvn_repo\org\apache\tomcat\embed\tomcat-embed-el\9.0.64\tomcat-embed-el-9.0.64.jar;E:\App\apache-maven-3.9.6\mvn_repo\org\apache\tomcat\embed\tomcat-embed-websocket\9.0.64\tomcat-embed-websocket-9.0.64.jar;E:\App\apache-maven-3.9.6\mvn_repo\org\springframework\spring-web\5.3.21\spring-web-5.3.21.jar;E:\App\apache-maven-3.9.6\mvn_repo\org\springframework\spring-webmvc\5.3.21\spring-webmvc-5.3.21.jar;E:\App\apache-maven-3.9.6\mvn_repo\org\springframework\spring-aop\5.3.21\spring-aop-5.3.21.jar;E:\App\apache-maven-3.9.6\mvn_repo\org\springframework\boot\spring-boot-devtools\2.7.1\spring-boot-devtools-2.7.1.jar;E:\App\apache-maven-3.9.6\mvn_repo\org\springframework\boot\spring-boot\2.7.1\spring-boot-2.7.1.jar;E:\App\apache-maven-3.9.6\mvn_repo\org\springframework\boot\spring-boot-autoconfigure\2.7.1\spring-boot-autoconfigure-2.7.1.jar;E:\App\apache-maven-3.9.6\mvn_repo\org\projectlombok\lombok\1.18.24\lombok-1.18.24.jar;E:\App\apache-maven-3.9.6\mvn_repo\org\springframework\boot\spring-boot-starter-test\2.7.1\spring-boot-starter-test-2.7.1.jar;E:\App\apache-maven-3.9.6\mvn_repo\org\springframework\boot\spring-boot-test\2.7.1\spring-boot-test-2.7.1.jar;E:\App\apache-maven-3.9.6\mvn_repo\org\springframework\boot\spring-boot-test-autoconfigure\2.7.1\spring-boot-test-autoconfigure-2.7.1.jar;E:\App\apache-maven-3.9.6\mvn_repo\com\jayway\jsonpath\json-path\2.7.0\json-path-2.7.0.jar;E:\App\apache-maven-3.9.6\mvn_repo\net\minidev\json-smart\2.4.8\json-smart-2.4.8.jar;E:\App\apache-maven-3.9.6\mvn_repo\net\minidev\accessors-smart\2.4.8\accessors-smart-2.4.8.jar;E:\App\apache-maven-3.9.6\mvn_repo\org\ow2\asm\asm\9.1\asm-9.1.jar;E:\App\apache-maven-3.9.6\mvn_repo\jakarta\xml\bind\jakarta.xml.bind-api\2.3.3\jakarta.xml.bind-api-2.3.3.jar;E:\App\apache-maven-3.9.6\mvn_repo\jakarta\activation\jakarta.activation-api\1.2.2\jakarta.activation-api-1.2.2.jar;E:\App\apache-maven-3.9.6\mvn_repo\org\assertj\assertj-core\3.22.0\assertj-core-3.22.0.jar;E:\App\apache-maven-3.9.6\mvn_repo\org\hamcrest\hamcrest\2.2\hamcrest-2.2.jar;E:\App\apache-maven-3.9.6\mvn_repo\org\junit\jupiter\junit-jupiter\5.8.2\junit-jupiter-5.8.2.jar;E:\App\apache-maven-3.9.6\mvn_repo\org\junit\jupiter\junit-jupiter-api\5.8.2\junit-jupiter-api-5.8.2.jar;E:\App\apache-maven-3.9.6\mvn_repo\org\opentest4j\opentest4j\1.2.0\opentest4j-1.2.0.jar;E:\App\apache-maven-3.9.6\mvn_repo\org\junit\platform\junit-platform-commons\1.8.2\junit-platform-commons-1.8.2.jar;E:\App\apache-maven-3.9.6\mvn_repo\org\apiguardian\apiguardian-api\1.1.2\apiguardian-api-1.1.2.jar;E:\App\apache-maven-3.9.6\mvn_repo\org\junit\jupiter\junit-jupiter-params\5.8.2\junit-jupiter-params-5.8.2.jar;E:\App\apache-maven-3.9.6\mvn_repo\org\junit\jupiter\junit-jupiter-engine\5.8.2\junit-jupiter-engine-5.8.2.jar;E:\App\apache-maven-3.9.6\mvn_repo\org\junit\platform\junit-platform-engine\1.8.2\junit-platform-engine-1.8.2.jar;E:\App\apache-maven-3.9.6\mvn_repo\org\mockito\mockito-core\4.5.1\mockito-core-4.5.1.jar;E:\App\apache-maven-3.9.6\mvn_repo\net\bytebuddy\byte-buddy\1.12.11\byte-buddy-1.12.11.jar;E:\App\apache-maven-3.9.6\mvn_repo\net\bytebuddy\byte-buddy-agent\1.12.11\byte-buddy-agent-1.12.11.jar;E:\App\apache-maven-3.9.6\mvn_repo\org\objenesis\objenesis\3.2\objenesis-3.2.jar;E:\App\apache-maven-3.9.6\mvn_repo\org\mockito\mockito-junit-jupiter\4.5.1\mockito-junit-jupiter-4.5.1.jar;E:\App\apache-maven-3.9.6\mvn_repo\org\skyscreamer\jsonassert\1.5.0\jsonassert-1.5.0.jar;E:\App\apache-maven-3.9.6\mvn_repo\com\vaadin\external\google\android-json\0.0.20131108.vaadin1\android-json-0.0.20131108.vaadin1.jar;E:\App\apache-maven-3.9.6\mvn_repo\org\springframework\spring-core\5.3.21\spring-core-5.3.21.jar;E:\App\apache-maven-3.9.6\mvn_repo\org\springframework\spring-jcl\5.3.21\spring-jcl-5.3.21.jar;E:\App\apache-maven-3.9.6\mvn_repo\org\springframework\spring-test\5.3.21\spring-test-5.3.21.jar;E:\App\apache-maven-3.9.6\mvn_repo\org\xmlunit\xmlunit-core\2.9.0\xmlunit-core-2.9.0.jar;E:\App\apache-maven-3.9.6\mvn_repo\org\mongodb\mongodb-driver-sync\4.6.1\mongodb-driver-sync-4.6.1.jar;E:\App\apache-maven-3.9.6\mvn_repo\org\mongodb\bson\4.6.1\bson-4.6.1.jar;E:\App\apache-maven-3.9.6\mvn_repo\org\mongodb\mongodb-driver-core\4.6.1\mongodb-driver-core-4.6.1.jar;E:\App\apache-maven-3.9.6\mvn_repo\org\mongodb\bson-record-codec\5.5.1\bson-record-codec-5.5.1.jar;E:\App\apache-maven-3.9.6\mvn_repo\org\springframework\cloud\spring-cloud-starter-netflix-eureka-client\3.1.3\spring-cloud-starter-netflix-eureka-client-3.1.3.jar;E:\App\apache-maven-3.9.6\mvn_repo\org\springframework\cloud\spring-cloud-starter\3.1.3\spring-cloud-starter-3.1.3.jar;E:\App\apache-maven-3.9.6\mvn_repo\org\springframework\cloud\spring-cloud-context\3.1.3\spring-cloud-context-3.1.3.jar;E:\App\apache-maven-3.9.6\mvn_repo\org\springframework\security\spring-security-crypto\5.7.2\spring-security-crypto-5.7.2.jar;E:\App\apache-maven-3.9.6\mvn_repo\org\springframework\cloud\spring-cloud-commons\3.1.3\spring-cloud-commons-3.1.3.jar;E:\App\apache-maven-3.9.6\mvn_repo\org\springframework\security\spring-security-rsa\1.0.10.RELEASE\spring-security-rsa-1.0.10.RELEASE.jar;E:\App\apache-maven-3.9.6\mvn_repo\org\bouncycastle\bcpkix-jdk15on\1.68\bcpkix-jdk15on-1.68.jar;E:\App\apache-maven-3.9.6\mvn_repo\org\bouncycastle\bcprov-jdk15on\1.68\bcprov-jdk15on-1.68.jar;E:\App\apache-maven-3.9.6\mvn_repo\org\springframework\cloud\spring-cloud-netflix-eureka-client\3.1.3\spring-cloud-netflix-eureka-client-3.1.3.jar;E:\App\apache-maven-3.9.6\mvn_repo\com\netflix\eureka\eureka-client\1.10.17\eureka-client-1.10.17.jar;E:\App\apache-maven-3.9.6\mvn_repo\com\netflix\netflix-commons\netflix-eventbus\0.3.0\netflix-eventbus-0.3.0.jar;E:\App\apache-maven-3.9.6\mvn_repo\com\netflix\netflix-commons\netflix-infix\0.3.0\netflix-infix-0.3.0.jar;E:\App\apache-maven-3.9.6\mvn_repo\commons-jxpath\commons-jxpath\1.3\commons-jxpath-1.3.jar;E:\App\apache-maven-3.9.6\mvn_repo\joda-time\joda-time\2.3\joda-time-2.3.jar;E:\App\apache-maven-3.9.6\mvn_repo\org\antlr\antlr-runtime\3.4\antlr-runtime-3.4.jar;E:\App\apache-maven-3.9.6\mvn_repo\org\antlr\stringtemplate\3.2.1\stringtemplate-3.2.1.jar;E:\App\apache-maven-3.9.6\mvn_repo\antlr\antlr\2.7.7\antlr-2.7.7.jar;E:\App\apache-maven-3.9.6\mvn_repo\com\google\code\gson\gson\2.9.0\gson-2.9.0.jar;E:\App\apache-maven-3.9.6\mvn_repo\org\apache\commons\commons-math\2.2\commons-math-2.2.jar;E:\App\apache-maven-3.9.6\mvn_repo\com\thoughtworks\xstream\xstream\1.4.18\xstream-1.4.18.jar;E:\App\apache-maven-3.9.6\mvn_repo\io\github\x-stream\mxparser\1.2.2\mxparser-1.2.2.jar;E:\App\apache-maven-3.9.6\mvn_repo\xmlpull\xmlpull\1.1.3.1\xmlpull-1.1.3.1.jar;E:\App\apache-maven-3.9.6\mvn_repo\javax\ws\rs\jsr311-api\1.1.1\jsr311-api-1.1.1.jar;E:\App\apache-maven-3.9.6\mvn_repo\com\netflix\servo\servo-core\0.12.21\servo-core-0.12.21.jar;E:\App\apache-maven-3.9.6\mvn_repo\com\google\guava\guava\19.0\guava-19.0.jar;E:\App\apache-maven-3.9.6\mvn_repo\org\apache\httpcomponents\httpclient\4.5.13\httpclient-4.5.13.jar;E:\App\apache-maven-3.9.6\mvn_repo\org\apache\httpcomponents\httpcore\4.4.15\httpcore-4.4.15.jar;E:\App\apache-maven-3.9.6\mvn_repo\commons-codec\commons-codec\1.15\commons-codec-1.15.jar;E:\App\apache-maven-3.9.6\mvn_repo\commons-configuration\commons-configuration\1.10\commons-configuration-1.10.jar;E:\App\apache-maven-3.9.6\mvn_repo\commons-lang\commons-lang\2.6\commons-lang-2.6.jar;E:\App\apache-maven-3.9.6\mvn_repo\com\google\inject\guice\4.1.0\guice-4.1.0.jar;E:\App\apache-maven-3.9.6\mvn_repo\javax\inject\javax.inject\1\javax.inject-1.jar;E:\App\apache-maven-3.9.6\mvn_repo\com\fasterxml\jackson\core\jackson-annotations\2.13.3\jackson-annotations-2.13.3.jar;E:\App\apache-maven-3.9.6\mvn_repo\com\fasterxml\jackson\core\jackson-core\2.13.3\jackson-core-2.13.3.jar;E:\App\apache-maven-3.9.6\mvn_repo\org\codehaus\jettison\jettison\1.4.0\jettison-1.4.0.jar;E:\App\apache-maven-3.9.6\mvn_repo\com\netflix\eureka\eureka-core\1.10.17\eureka-core-1.10.17.jar;E:\App\apache-maven-3.9.6\mvn_repo\com\fasterxml\woodstox\woodstox-core\6.2.1\woodstox-core-6.2.1.jar;E:\App\apache-maven-3.9.6\mvn_repo\org\codehaus\woodstox\stax2-api\4.2.1\stax2-api-4.2.1.jar;E:\App\apache-maven-3.9.6\mvn_repo\org\springframework\cloud\spring-cloud-starter-loadbalancer\3.1.3\spring-cloud-starter-loadbalancer-3.1.3.jar;E:\App\apache-maven-3.9.6\mvn_repo\org\springframework\cloud\spring-cloud-loadbalancer\3.1.3\spring-cloud-loadbalancer-3.1.3.jar;E:\App\apache-maven-3.9.6\mvn_repo\io\projectreactor\reactor-core\3.4.19\reactor-core-3.4.19.jar;E:\App\apache-maven-3.9.6\mvn_repo\org\reactivestreams\reactive-streams\1.0.4\reactive-streams-1.0.4.jar;E:\App\apache-maven-3.9.6\mvn_repo\io\projectreactor\addons\reactor-extra\3.4.8\reactor-extra-3.4.8.jar;E:\App\apache-maven-3.9.6\mvn_repo\org\springframework\boot\spring-boot-starter-cache\2.7.1\spring-boot-starter-cache-2.7.1.jar;E:\App\apache-maven-3.9.6\mvn_repo\org\springframework\spring-context-support\5.3.21\spring-context-support-5.3.21.jar;E:\App\apache-maven-3.9.6\mvn_repo\com\stoyanr\evictor\1.0.0\evictor-1.0.0.jar;"/>
    <property name="sun.cpu.endian" value="little"/>
    <property name="user.home" value="C:\Users\muran"/>
    <property name="user.language" value="en"/>
    <property name="java.specification.vendor" value="Oracle Corporation"/>
    <property name="java.version.date" value="2022-04-22"/>
    <property name="java.home" value="E:\Study\JDK"/>
    <property name="file.separator" value="\"/>
    <property name="basedir" value="e:\Study\ChuwaProject\online-shopping\ItemService"/>
    <property name="java.vm.compressedOopsMode" value="Zero based"/>
    <property name="line.separator" value="&#10;"/>
    <property name="java.vm.specification.vendor" value="Oracle Corporation"/>
    <property name="java.specification.name" value="Java Platform API Specification"/>
    <property name="surefire.real.class.path" value="C:\Users\muran\AppData\Local\Temp\surefire1969239003569924668\surefirebooter13442109294092745236.jar"/>
    <property name="user.script" value=""/>
    <property name="sun.management.compiler" value="HotSpot 64-Bit Tiered Compilers"/>
    <property name="java.runtime.version" value="18.0.1.1+2-6"/>
    <property name="user.name" value="muran"/>
    <property name="path.separator" value=";"/>
    <property name="os.version" value="10.0"/>
    <property name="java.runtime.name" value="Java(TM) SE Runtime Environment"/>
    <property name="file.encoding" value="UTF-8"/>
    <property name="java.vm.name" value="Java HotSpot(TM) 64-Bit Server VM"/>
    <property name="localRepository" value="E:\App\apache-maven-3.9.6\mvn_repo"/>
    <property name="java.vendor.url.bug" value="https://bugreport.java.com/bugreport/"/>
    <property name="java.io.tmpdir" value="C:\Users\muran\AppData\Local\Temp\"/>
    <property name="java.version" value="18.0.1.1"/>
    <property name="user.dir" value="e:\Study\ChuwaProject\online-shopping\ItemService"/>
    <property name="os.arch" value="amd64"/>
    <property name="java.vm.specification.name" value="Java Virtual Machine Specification"/>
    <property name="sun.os.patch.level" value=""/>
    <property name="native.encoding" value="GBK"/>
    <property name="java.library.path" value="E:\Study\JDK\bin;C:\WINDOWS\Sun\Java\bin;C:\WINDOWS\system32;C:\WINDOWS;E:\VMware\bin\;C:\Program Files\NVIDIA GPU Computing Toolkit\CUDA\v12.1\bin;C:\Program Files\NVIDIA GPU Computing Toolkit\CUDA\v12.1\libnvvp;C:\Program Files\NVIDIA GPU Computing Toolkit\CUDA\v11.7\bin;C:\Program Files\NVIDIA GPU Computing Toolkit\CUDA\v11.7\libnvvp;C:\Program Files\NVIDIA\CUDNN\v9.1\bin;E:\App\21C\dbhomeXE\bin;E:\Study\JDK\bin;C:\Program Files\Common Files\Oracle\Java\javapath;C:\Windows\system32;C:\Windows;C:\Windows\System32\Wbem;C:\Windows\System32\WindowsPowerShell\v1.0\;C:\Windows\System32\OpenSSH\;C:\Program Files (x86)\NVIDIA Corporation\PhysX\Common;C:\WINDOWS\system32;C:\WINDOWS;C:\WINDOWS\System32\Wbem;C:\WINDOWS\System32\WindowsPowerShell\v1.0\;C:\WINDOWS\System32\OpenSSH\;C:\Program Files\Git\cmd;C:\Program Files\dotnet\;F:\php-8.2.6;E:\App\Oracle\instantclient_21_10;%M2_HOME%\bin;E:\App\apache-maven-3.9.6\bin;E:\App\Python;E:\App\Python\Scripts;E:\App\Python;C:\msys64\mingw64\bin;C:\msys64\usr\bin;C:\Program Files\NVIDIA Corporation\Nsight Compute 2023.1.1\;D:\App\calibre\;C:\WINDOWS\system32;C:\WINDOWS;C:\WINDOWS\System32\Wbem;C:\WINDOWS\System32\WindowsPowerShell\v1.0\;C:\WINDOWS\System32\OpenSSH\;C:\Program Files\NVIDIA Corporation\NVIDIA app\NvDLISR;C:\Program Files\Docker\Docker\resources\bin;E:\App\Python\Scripts\;E:\App\Python\;C:\Users\muran\AppData\Local\Microsoft\WindowsApps;E:\Study\IDEA\IntelliJ IDEA Educational Edition 2022.1.3\bin;C:\msys64\mingw64\bin;;C:\php-8.2.6;%PyCharm Community Edition%;E:\App\PyCharm 2023.1.2\bin;;C:\msys64\bin;E:\App\IDEA\IntelliJ IDEA 2023.2.2\bin;;E:\App\Microsoft VS Code\bin;C:\Users\muran\AppData\Local\Muse Hub\lib;;."/>
    <property name="java.vm.info" value="mixed mode, sharing"/>
    <property name="java.vendor" value="Oracle Corporation"/>
    <property name="java.vm.version" value="18.0.1.1+2-6"/>
    <property name="sun.io.unicode.encoding" value="UnicodeLittle"/>
    <property name="java.class.version" value="62.0"/>
  </properties>
  <testcase name="contextLoads" classname="com.project.itemservice.ItemServiceApplicationTests" time="0.29"/>
</testsuite>