<?xml version="1.0" encoding="UTF-8"?>
<testsuite xmlns:xsi="http://www.w3.org/2001/XMLSchema-instance" xsi:noNamespaceSchemaLocation="https://maven.apache.org/surefire/maven-surefire-plugin/xsd/surefire-test-report.xsd" name="com.project.service.OrderServiceApplicationTests" time="2.022" tests="1" errors="1" skipped="0" failures="0">
  <properties>
    <property name="java.specification.version" value="18"/>
    <property name="sun.cpu.isalist" value="amd64"/>
    <property name="sun.jnu.encoding" value="GBK"/>
    <property name="java.class.path" value="E:\Study\ChuwaProject\online-shopping\OrderService\target\test-classes;E:\Study\ChuwaProject\online-shopping\OrderService\target\classes;E:\App\apache-maven-3.9.6\mvn_repo\org\springframework\boot\spring-boot-starter-data-cassandra\2.7.1\spring-boot-starter-data-cassandra-2.7.1.jar;E:\App\apache-maven-3.9.6\mvn_repo\org\springframework\boot\spring-boot-starter\2.7.1\spring-boot-starter-2.7.1.jar;E:\App\apache-maven-3.9.6\mvn_repo\org\springframework\boot\spring-boot-starter-logging\2.7.1\spring-boot-starter-logging-2.7.1.jar;E:\App\apache-maven-3.9.6\mvn_repo\ch\qos\logback\logback-classic\1.2.11\logback-classic-1.2.11.jar;E:\App\apache-maven-3.9.6\mvn_repo\ch\qos\logback\logback-core\1.2.11\logback-core-1.2.11.jar;E:\App\apache-maven-3.9.6\mvn_repo\org\apache\logging\log4j\log4j-to-slf4j\2.17.2\log4j-to-slf4j-2.17.2.jar;E:\App\apache-maven-3.9.6\mvn_repo\org\apache\logging\log4j\log4j-api\2.17.2\log4j-api-2.17.2.jar;E:\App\apache-maven-3.9.6\mvn_repo\org\slf4j\jul-to-slf4j\1.7.36\jul-to-slf4j-1.7.36.jar;E:\App\apache-maven-3.9.6\mvn_repo\jakarta\annotation\jakarta.annotation-api\1.3.5\jakarta.annotation-api-1.3.5.jar;E:\App\apache-maven-3.9.6\mvn_repo\org\yaml\snakeyaml\1.30\snakeyaml-1.30.jar;E:\App\apache-maven-3.9.6\mvn_repo\org\springframework\spring-tx\5.3.21\spring-tx-5.3.21.jar;E:\App\apache-maven-3.9.6\mvn_repo\org\springframework\spring-beans\5.3.21\spring-beans-5.3.21.jar;E:\App\apache-maven-3.9.6\mvn_repo\org\springframework\data\spring-data-cassandra\3.4.1\spring-data-cassandra-3.4.1.jar;E:\App\apache-maven-3.9.6\mvn_repo\org\springframework\spring-expression\5.3.21\spring-expression-5.3.21.jar;E:\App\apache-maven-3.9.6\mvn_repo\org\springframework\data\spring-data-commons\2.7.1\spring-data-commons-2.7.1.jar;E:\App\apache-maven-3.9.6\mvn_repo\com\datastax\oss\java-driver-core\4.14.1\java-driver-core-4.14.1.jar;E:\App\apache-maven-3.9.6\mvn_repo\com\datastax\oss\native-protocol\1.5.1\native-protocol-1.5.1.jar;E:\App\apache-maven-3.9.6\mvn_repo\io\netty\netty-handler\4.1.78.Final\netty-handler-4.1.78.Final.jar;E:\App\apache-maven-3.9.6\mvn_repo\io\netty\netty-common\4.1.78.Final\netty-common-4.1.78.Final.jar;E:\App\apache-maven-3.9.6\mvn_repo\io\netty\netty-resolver\4.1.78.Final\netty-resolver-4.1.78.Final.jar;E:\App\apache-maven-3.9.6\mvn_repo\io\netty\netty-buffer\4.1.78.Final\netty-buffer-4.1.78.Final.jar;E:\App\apache-maven-3.9.6\mvn_repo\io\netty\netty-transport\4.1.78.Final\netty-transport-4.1.78.Final.jar;E:\App\apache-maven-3.9.6\mvn_repo\io\netty\netty-transport-native-unix-common\4.1.78.Final\netty-transport-native-unix-common-4.1.78.Final.jar;E:\App\apache-maven-3.9.6\mvn_repo\io\netty\netty-codec\4.1.78.Final\netty-codec-4.1.78.Final.jar;E:\App\apache-maven-3.9.6\mvn_repo\com\datastax\oss\java-driver-shaded-guava\25.1-jre-graal-sub-1\java-driver-shaded-guava-25.1-jre-graal-sub-1.jar;E:\App\apache-maven-3.9.6\mvn_repo\com\typesafe\config\1.4.1\config-1.4.1.jar;E:\App\apache-maven-3.9.6\mvn_repo\com\github\jnr\jnr-posix\3.1.15\jnr-posix-3.1.15.jar;E:\App\apache-maven-3.9.6\mvn_repo\com\github\jnr\jnr-ffi\2.2.11\jnr-ffi-2.2.11.jar;E:\App\apache-maven-3.9.6\mvn_repo\com\github\jnr\jffi\1.3.9\jffi-1.3.9.jar;E:\App\apache-maven-3.9.6\mvn_repo\com\github\jnr\jffi\1.3.9\jffi-1.3.9-native.jar;E:\App\apache-maven-3.9.6\mvn_repo\org\ow2\asm\asm-commons\9.2\asm-commons-9.2.jar;E:\App\apache-maven-3.9.6\mvn_repo\org\ow2\asm\asm-analysis\9.2\asm-analysis-9.2.jar;E:\App\apache-maven-3.9.6\mvn_repo\org\ow2\asm\asm-tree\9.2\asm-tree-9.2.jar;E:\App\apache-maven-3.9.6\mvn_repo\org\ow2\asm\asm-util\9.2\asm-util-9.2.jar;E:\App\apache-maven-3.9.6\mvn_repo\com\github\jnr\jnr-a64asm\1.0.0\jnr-a64asm-1.0.0.jar;E:\App\apache-maven-3.9.6\mvn_repo\com\github\jnr\jnr-x86asm\1.0.2\jnr-x86asm-1.0.2.jar;E:\App\apache-maven-3.9.6\mvn_repo\com\github\jnr\jnr-constants\0.10.3\jnr-constants-0.10.3.jar;E:\App\apache-maven-3.9.6\mvn_repo\io\dropwizard\metrics\metrics-core\4.2.10\metrics-core-4.2.10.jar;E:\App\apache-maven-3.9.6\mvn_repo\org\hdrhistogram\HdrHistogram\2.1.12\HdrHistogram-2.1.12.jar;E:\App\apache-maven-3.9.6\mvn_repo\org\reactivestreams\reactive-streams\1.0.4\reactive-streams-1.0.4.jar;E:\App\apache-maven-3.9.6\mvn_repo\com\github\stephenc\jcip\jcip-annotations\1.0-1\jcip-annotations-1.0-1.jar;E:\App\apache-maven-3.9.6\mvn_repo\com\github\spotbugs\spotbugs-annotations\3.1.12\spotbugs-annotations-3.1.12.jar;E:\App\apache-maven-3.9.6\mvn_repo\com\datastax\oss\java-driver-query-builder\4.14.1\java-driver-query-builder-4.14.1.jar;E:\App\apache-maven-3.9.6\mvn_repo\org\springframework\boot\spring-boot-starter-web\2.7.1\spring-boot-starter-web-2.7.1.jar;E:\App\apache-maven-3.9.6\mvn_repo\org\springframework\boot\spring-boot-starter-json\2.7.1\spring-boot-starter-json-2.7.1.jar;E:\App\apache-maven-3.9.6\mvn_repo\com\fasterxml\jackson\datatype\jackson-datatype-jdk8\2.13.3\jackson-datatype-jdk8-2.13.3.jar;E:\App\apache-maven-3.9.6\mvn_repo\com\fasterxml\jackson\module\jackson-module-parameter-names\2.13.3\jackson-module-parameter-names-2.13.3.jar;E:\App\apache-maven-3.9.6\mvn_repo\org\springframework\boot\spring-boot-starter-tomcat\2.7.1\spring-boot-starter-tomcat-2.7.1.jar;E:\App\apache-maven-3.9.6\mvn_repo\org\apache\tomcat\embed\tomcat-embed-core\9.0.64\tomcat-embed-core-9.0.64.jar;E:\App\apache-maven-3.9.6\mvn_repo\org\apache\tomcat\embed\tomcat-embed-el\9.0.64\tomcat-embed-el-9.0.64.jar;E:\App\apache-maven-3.9.6\mvn_repo\org\apache\tomcat\embed\tomcat-embed-websocket\9.0.64\tomcat-embed-websocket-9.0.64.jar;E:\App\apache-maven-3.9.6\mvn_repo\org\springframework\spring-web\5.3.21\spring-web-5.3.21.jar;E:\App\apache-maven-3.9.6\mvn_repo\org\springframework\spring-webmvc\5.3.21\spring-webmvc-5.3.21.jar;E:\App\apache-maven-3.9.6\mvn_repo\org\springframework\spring-aop\5.3.21\spring-aop-5.3.21.jar;E:\App\apache-maven-3.9.6\mvn_repo\org\springframework\boot\spring-boot-devtools\2.7.1\spring-boot-devtools-2.7.1.jar;E:\App\apache-maven-3.9.6\mvn_repo\org\springframework\boot\spring-boot\2.7.1\spring-boot-2.7.1.jar;E:\App\apache-maven-3.9.6\mvn_repo\org\springframework\boot\spring-boot-autoconfigure\2.7.1\spring-boot-autoconfigure-2.7.1.jar;E:\App\apache-maven-3.9.6\mvn_repo\org\springframework\boot\spring-boot-starter-test\2.7.1\spring-boot-starter-test-2.7.1.jar;E:\App\apache-maven-3.9.6\mvn_repo\org\springframework\boot\spring-boot-test\2.7.1\spring-boot-test-2.7.1.jar;E:\App\apache-maven-3.9.6\mvn_repo\org\springframework\boot\spring-boot-test-autoconfigure\2.7.1\spring-boot-test-autoconfigure-2.7.1.jar;E:\App\apache-maven-3.9.6\mvn_repo\com\jayway\jsonpath\json-path\2.7.0\json-path-2.7.0.jar;E:\App\apache-maven-3.9.6\mvn_repo\net\minidev\json-smart\2.4.8\json-smart-2.4.8.jar;E:\App\apache-maven-3.9.6\mvn_repo\net\minidev\accessors-smart\2.4.8\accessors-smart-2.4.8.jar;E:\App\apache-maven-3.9.6\mvn_repo\org\ow2\asm\asm\9.1\asm-9.1.jar;E:\App\apache-maven-3.9.6\mvn_repo\jakarta\xml\bind\jakarta.xml.bind-api\2.3.3\jakarta.xml.bind-api-2.3.3.jar;E:\App\apache-maven-3.9.6\mvn_repo\jakarta\activation\jakarta.activation-api\1.2.2\jakarta.activation-api-1.2.2.jar;E:\App\apache-maven-3.9.6\mvn_repo\org\assertj\assertj-core\3.22.0\assertj-core-3.22.0.jar;E:\App\apache-maven-3.9.6\mvn_repo\org\hamcrest\hamcrest\2.2\hamcrest-2.2.jar;E:\App\apache-maven-3.9.6\mvn_repo\org\junit\jupiter\junit-jupiter\5.8.2\junit-jupiter-5.8.2.jar;E:\App\apache-maven-3.9.6\mvn_repo\org\junit\jupiter\junit-jupiter-api\5.8.2\junit-jupiter-api-5.8.2.jar;E:\App\apache-maven-3.9.6\mvn_repo\org\opentest4j\opentest4j\1.2.0\opentest4j-1.2.0.jar;E:\App\apache-maven-3.9.6\mvn_repo\org\junit\platform\junit-platform-commons\1.8.2\junit-platform-commons-1.8.2.jar;E:\App\apache-maven-3.9.6\mvn_repo\org\apiguardian\apiguardian-api\1.1.2\apiguardian-api-1.1.2.jar;E:\App\apache-maven-3.9.6\mvn_repo\org\junit\jupiter\junit-jupiter-params\5.8.2\junit-jupiter-params-5.8.2.jar;E:\App\apache-maven-3.9.6\mvn_repo\org\junit\jupiter\junit-jupiter-engine\5.8.2\junit-jupiter-engine-5.8.2.jar;E:\App\apache-maven-3.9.6\mvn_repo\org\junit\platform\junit-platform-engine\1.8.2\junit-platform-engine-1.8.2.jar;E:\App\apache-maven-3.9.6\mvn_repo\org\mockito\mockito-core\4.5.1\mockito-core-4.5.1.jar;E:\App\apache-maven-3.9.6\mvn_repo\net\bytebuddy\byte-buddy\1.12.11\byte-buddy-1.12.11.jar;E:\App\apache-maven-3.9.6\mvn_repo\net\bytebuddy\byte-buddy-agent\1.12.11\byte-buddy-agent-1.12.11.jar;E:\App\apache-maven-3.9.6\mvn_repo\org\objenesis\objenesis\3.2\objenesis-3.2.jar;E:\App\apache-maven-3.9.6\mvn_repo\org\mockito\mockito-junit-jupiter\4.5.1\mockito-junit-jupiter-4.5.1.jar;E:\App\apache-maven-3.9.6\mvn_repo\org\skyscreamer\jsonassert\1.5.0\jsonassert-1.5.0.jar;E:\App\apache-maven-3.9.6\mvn_repo\com\vaadin\external\google\android-json\0.0.20131108.vaadin1\android-json-0.0.20131108.vaadin1.jar;E:\App\apache-maven-3.9.6\mvn_repo\org\springframework\spring-core\5.3.21\spring-core-5.3.21.jar;E:\App\apache-maven-3.9.6\mvn_repo\org\springframework\spring-jcl\5.3.21\spring-jcl-5.3.21.jar;E:\App\apache-maven-3.9.6\mvn_repo\org\springframework\spring-test\5.3.21\spring-test-5.3.21.jar;E:\App\apache-maven-3.9.6\mvn_repo\org\xmlunit\xmlunit-core\2.9.0\xmlunit-core-2.9.0.jar;E:\App\apache-maven-3.9.6\mvn_repo\org\springframework\kafka\spring-kafka\2.8.7\spring-kafka-2.8.7.jar;E:\App\apache-maven-3.9.6\mvn_repo\org\springframework\spring-context\5.3.21\spring-context-5.3.21.jar;E:\App\apache-maven-3.9.6\mvn_repo\org\springframework\spring-messaging\5.3.21\spring-messaging-5.3.21.jar;E:\App\apache-maven-3.9.6\mvn_repo\org\springframework\retry\spring-retry\1.3.3\spring-retry-1.3.3.jar;E:\App\apache-maven-3.9.6\mvn_repo\org\apache\kafka\kafka-clients\3.1.1\kafka-clients-3.1.1.jar;E:\App\apache-maven-3.9.6\mvn_repo\com\github\luben\zstd-jni\1.5.0-4\zstd-jni-1.5.0-4.jar;E:\App\apache-maven-3.9.6\mvn_repo\org\lz4\lz4-java\1.8.0\lz4-java-1.8.0.jar;E:\App\apache-maven-3.9.6\mvn_repo\org\xerial\snappy\snappy-java\1.1.8.4\snappy-java-1.1.8.4.jar;E:\App\apache-maven-3.9.6\mvn_repo\com\google\code\findbugs\jsr305\3.0.2\jsr305-3.0.2.jar;E:\App\apache-maven-3.9.6\mvn_repo\org\projectlombok\lombok\1.18.24\lombok-1.18.24.jar;E:\App\apache-maven-3.9.6\mvn_repo\org\springframework\cloud\spring-cloud-starter-netflix-eureka-client\3.1.3\spring-cloud-starter-netflix-eureka-client-3.1.3.jar;E:\App\apache-maven-3.9.6\mvn_repo\org\springframework\cloud\spring-cloud-starter\3.1.3\spring-cloud-starter-3.1.3.jar;E:\App\apache-maven-3.9.6\mvn_repo\org\springframework\cloud\spring-cloud-context\3.1.3\spring-cloud-context-3.1.3.jar;E:\App\apache-maven-3.9.6\mvn_repo\org\springframework\security\spring-security-rsa\1.0.10.RELEASE\spring-security-rsa-1.0.10.RELEASE.jar;E:\App\apache-maven-3.9.6\mvn_repo\org\bouncycastle\bcpkix-jdk15on\1.68\bcpkix-jdk15on-1.68.jar;E:\App\apache-maven-3.9.6\mvn_repo\org\bouncycastle\bcprov-jdk15on\1.68\bcprov-jdk15on-1.68.jar;E:\App\apache-maven-3.9.6\mvn_repo\org\springframework\cloud\spring-cloud-netflix-eureka-client\3.1.3\spring-cloud-netflix-eureka-client-3.1.3.jar;E:\App\apache-maven-3.9.6\mvn_repo\com\netflix\eureka\eureka-client\1.10.17\eureka-client-1.10.17.jar;E:\App\apache-maven-3.9.6\mvn_repo\com\netflix\netflix-commons\netflix-eventbus\0.3.0\netflix-eventbus-0.3.0.jar;E:\App\apache-maven-3.9.6\mvn_repo\com\netflix\netflix-commons\netflix-infix\0.3.0\netflix-infix-0.3.0.jar;E:\App\apache-maven-3.9.6\mvn_repo\commons-jxpath\commons-jxpath\1.3\commons-jxpath-1.3.jar;E:\App\apache-maven-3.9.6\mvn_repo\joda-time\joda-time\2.3\joda-time-2.3.jar;E:\App\apache-maven-3.9.6\mvn_repo\org\antlr\antlr-runtime\3.4\antlr-runtime-3.4.jar;E:\App\apache-maven-3.9.6\mvn_repo\org\antlr\stringtemplate\3.2.1\stringtemplate-3.2.1.jar;E:\App\apache-maven-3.9.6\mvn_repo\antlr\antlr\2.7.7\antlr-2.7.7.jar;E:\App\apache-maven-3.9.6\mvn_repo\com\google\code\gson\gson\2.9.0\gson-2.9.0.jar;E:\App\apache-maven-3.9.6\mvn_repo\org\apache\commons\commons-math\2.2\commons-math-2.2.jar;E:\App\apache-maven-3.9.6\mvn_repo\com\thoughtworks\xstream\xstream\1.4.18\xstream-1.4.18.jar;E:\App\apache-maven-3.9.6\mvn_repo\io\github\x-stream\mxparser\1.2.2\mxparser-1.2.2.jar;E:\App\apache-maven-3.9.6\mvn_repo\xmlpull\xmlpull\1.1.3.1\xmlpull-1.1.3.1.jar;E:\App\apache-maven-3.9.6\mvn_repo\javax\ws\rs\jsr311-api\1.1.1\jsr311-api-1.1.1.jar;E:\App\apache-maven-3.9.6\mvn_repo\com\netflix\servo\servo-core\0.12.21\servo-core-0.12.21.jar;E:\App\apache-maven-3.9.6\mvn_repo\com\google\guava\guava\19.0\guava-19.0.jar;E:\App\apache-maven-3.9.6\mvn_repo\org\apache\httpcomponents\httpclient\4.5.13\httpclient-4.5.13.jar;E:\App\apache-maven-3.9.6\mvn_repo\org\apache\httpcomponents\httpcore\4.4.15\httpcore-4.4.15.jar;E:\App\apache-maven-3.9.6\mvn_repo\commons-codec\commons-codec\1.15\commons-codec-1.15.jar;E:\App\apache-maven-3.9.6\mvn_repo\commons-configuration\commons-configuration\1.10\commons-configuration-1.10.jar;E:\App\apache-maven-3.9.6\mvn_repo\commons-lang\commons-lang\2.6\commons-lang-2.6.jar;E:\App\apache-maven-3.9.6\mvn_repo\com\google\inject\guice\4.1.0\guice-4.1.0.jar;E:\App\apache-maven-3.9.6\mvn_repo\javax\inject\javax.inject\1\javax.inject-1.jar;E:\App\apache-maven-3.9.6\mvn_repo\org\codehaus\jettison\jettison\1.4.0\jettison-1.4.0.jar;E:\App\apache-maven-3.9.6\mvn_repo\com\netflix\eureka\eureka-core\1.10.17\eureka-core-1.10.17.jar;E:\App\apache-maven-3.9.6\mvn_repo\com\fasterxml\woodstox\woodstox-core\6.2.1\woodstox-core-6.2.1.jar;E:\App\apache-maven-3.9.6\mvn_repo\org\codehaus\woodstox\stax2-api\4.2.1\stax2-api-4.2.1.jar;E:\App\apache-maven-3.9.6\mvn_repo\org\springframework\cloud\spring-cloud-starter-loadbalancer\3.1.3\spring-cloud-starter-loadbalancer-3.1.3.jar;E:\App\apache-maven-3.9.6\mvn_repo\org\springframework\cloud\spring-cloud-loadbalancer\3.1.3\spring-cloud-loadbalancer-3.1.3.jar;E:\App\apache-maven-3.9.6\mvn_repo\io\projectreactor\reactor-core\3.4.19\reactor-core-3.4.19.jar;E:\App\apache-maven-3.9.6\mvn_repo\io\projectreactor\addons\reactor-extra\3.4.8\reactor-extra-3.4.8.jar;E:\App\apache-maven-3.9.6\mvn_repo\org\springframework\boot\spring-boot-starter-cache\2.7.1\spring-boot-starter-cache-2.7.1.jar;E:\App\apache-maven-3.9.6\mvn_repo\org\springframework\spring-context-support\5.3.21\spring-context-support-5.3.21.jar;E:\App\apache-maven-3.9.6\mvn_repo\com\stoyanr\evictor\1.0.0\evictor-1.0.0.jar;E:\App\apache-maven-3.9.6\mvn_repo\com\datastax\astra\astra-db-java\1.0.0\astra-db-java-1.0.0.jar;E:\App\apache-maven-3.9.6\mvn_repo\com\datastax\astra\astra-sdk-devops\1.2.7\astra-sdk-devops-1.2.7.jar;E:\App\apache-maven-3.9.6\mvn_repo\org\apache\httpcomponents\client5\httpclient5\5.1.3\httpclient5-5.1.3.jar;E:\App\apache-maven-3.9.6\mvn_repo\org\apache\httpcomponents\core5\httpcore5\5.1.3\httpcore5-5.1.3.jar;E:\App\apache-maven-3.9.6\mvn_repo\org\apache\httpcomponents\core5\httpcore5-h2\5.1.3\httpcore5-h2-5.1.3.jar;E:\App\apache-maven-3.9.6\mvn_repo\com\fasterxml\uuid\java-uuid-generator\5.0.0\java-uuid-generator-5.0.0.jar;E:\App\apache-maven-3.9.6\mvn_repo\org\slf4j\slf4j-api\1.7.36\slf4j-api-1.7.36.jar;E:\App\apache-maven-3.9.6\mvn_repo\com\evanlennick\retry4j\0.15.0\retry4j-0.15.0.jar;E:\App\apache-maven-3.9.6\mvn_repo\com\fasterxml\jackson\core\jackson-core\2.13.3\jackson-core-2.13.3.jar;E:\App\apache-maven-3.9.6\mvn_repo\com\fasterxml\jackson\core\jackson-annotations\2.13.3\jackson-annotations-2.13.3.jar;E:\App\apache-maven-3.9.6\mvn_repo\com\fasterxml\jackson\core\jackson-databind\2.13.3\jackson-databind-2.13.3.jar;E:\App\apache-maven-3.9.6\mvn_repo\com\fasterxml\jackson\datatype\jackson-datatype-jsr310\2.13.3\jackson-datatype-jsr310-2.13.3.jar;E:\App\apache-maven-3.9.6\mvn_repo\org\springframework\cloud\spring-cloud-starter-openfeign\3.1.3\spring-cloud-starter-openfeign-3.1.3.jar;E:\App\apache-maven-3.9.6\mvn_repo\org\springframework\cloud\spring-cloud-openfeign-core\3.1.3\spring-cloud-openfeign-core-3.1.3.jar;E:\App\apache-maven-3.9.6\mvn_repo\org\springframework\boot\spring-boot-starter-aop\2.7.1\spring-boot-starter-aop-2.7.1.jar;E:\App\apache-maven-3.9.6\mvn_repo\org\aspectj\aspectjweaver\1.9.7\aspectjweaver-1.9.7.jar;E:\App\apache-maven-3.9.6\mvn_repo\io\github\openfeign\form\feign-form-spring\3.8.0\feign-form-spring-3.8.0.jar;E:\App\apache-maven-3.9.6\mvn_repo\io\github\openfeign\form\feign-form\3.8.0\feign-form-3.8.0.jar;E:\App\apache-maven-3.9.6\mvn_repo\commons-fileupload\commons-fileupload\1.4\commons-fileupload-1.4.jar;E:\App\apache-maven-3.9.6\mvn_repo\commons-io\commons-io\2.2\commons-io-2.2.jar;E:\App\apache-maven-3.9.6\mvn_repo\org\springframework\cloud\spring-cloud-commons\3.1.3\spring-cloud-commons-3.1.3.jar;E:\App\apache-maven-3.9.6\mvn_repo\org\springframework\security\spring-security-crypto\5.7.2\spring-security-crypto-5.7.2.jar;E:\App\apache-maven-3.9.6\mvn_repo\io\github\openfeign\feign-core\11.8\feign-core-11.8.jar;E:\App\apache-maven-3.9.6\mvn_repo\io\github\openfeign\feign-slf4j\11.8\feign-slf4j-11.8.jar;"/>
    <property name="java.vm.vendor" value="Oracle Corporation"/>
    <property name="sun.arch.data.model" value="64"/>
    <property name="user.variant" value=""/>
    <property name="java.vendor.url" value="https://java.oracle.com/"/>
    <property name="user.timezone" value="America/Los_Angeles"/>
    <property name="os.name" value="Windows 11"/>
    <property name="java.vm.specification.version" value="18"/>
    <property name="sun.java.launcher" value="SUN_STANDARD"/>
    <property name="user.country" value="US"/>
    <property name="sun.boot.library.path" value="E:\Study\JDK\bin"/>
    <property name="sun.java.command" value="C:\Users\muran\AppData\Local\Temp\surefire14976038764416484708\surefirebooter12055399295529149433.jar C:\Users\muran\AppData\Local\Temp\surefire14976038764416484708 2025-08-10T20-58-07_481-jvmRun1 surefire9379889773573527044tmp surefire_014492996730177023759tmp"/>
    <property name="jdk.debug" value="release"/>
    <property name="surefire.test.class.path" value="E:\Study\ChuwaProject\online-shopping\OrderService\target\test-classes;E:\Study\ChuwaProject\online-shopping\OrderService\target\classes;E:\App\apache-maven-3.9.6\mvn_repo\org\springframework\boot\spring-boot-starter-data-cassandra\2.7.1\spring-boot-starter-data-cassandra-2.7.1.jar;E:\App\apache-maven-3.9.6\mvn_repo\org\springframework\boot\spring-boot-starter\2.7.1\spring-boot-starter-2.7.1.jar;E:\App\apache-maven-3.9.6\mvn_repo\org\springframework\boot\spring-boot-starter-logging\2.7.1\spring-boot-starter-logging-2.7.1.jar;E:\App\apache-maven-3.9.6\mvn_repo\ch\qos\logback\logback-classic\1.2.11\logback-classic-1.2.11.jar;E:\App\apache-maven-3.9.6\mvn_repo\ch\qos\logback\logback-core\1.2.11\logback-core-1.2.11.jar;E:\App\apache-maven-3.9.6\mvn_repo\org\apache\logging\log4j\log4j-to-slf4j\2.17.2\log4j-to-slf4j-2.17.2.jar;E:\App\apache-maven-3.9.6\mvn_repo\org\apache\logging\log4j\log4j-api\2.17.2\log4j-api-2.17.2.jar;E:\App\apache-maven-3.9.6\mvn_repo\org\slf4j\jul-to-slf4j\1.7.36\jul-to-slf4j-1.7.36.jar;E:\App\apache-maven-3.9.6\mvn_repo\jakarta\annotation\jakarta.annotation-api\1.3.5\jakarta.annotation-api-1.3.5.jar;E:\App\apache-maven-3.9.6\mvn_repo\org\yaml\snakeyaml\1.30\snakeyaml-1.30.jar;E:\App\apache-maven-3.9.6\mvn_repo\org\springframework\spring-tx\5.3.21\spring-tx-5.3.21.jar;E:\App\apache-maven-3.9.6\mvn_repo\org\springframework\spring-beans\5.3.21\spring-beans-5.3.21.jar;E:\App\apache-maven-3.9.6\mvn_repo\org\springframework\data\spring-data-cassandra\3.4.1\spring-data-cassandra-3.4.1.jar;E:\App\apache-maven-3.9.6\mvn_repo\org\springframework\spring-expression\5.3.21\spring-expression-5.3.21.jar;E:\App\apache-maven-3.9.6\mvn_repo\org\springframework\data\spring-data-commons\2.7.1\spring-data-commons-2.7.1.jar;E:\App\apache-maven-3.9.6\mvn_repo\com\datastax\oss\java-driver-core\4.14.1\java-driver-core-4.14.1.jar;E:\App\apache-maven-3.9.6\mvn_repo\com\datastax\oss\native-protocol\1.5.1\native-protocol-1.5.1.jar;E:\App\apache-maven-3.9.6\mvn_repo\io\netty\netty-handler\4.1.78.Final\netty-handler-4.1.78.Final.jar;E:\App\apache-maven-3.9.6\mvn_repo\io\netty\netty-common\4.1.78.Final\netty-common-4.1.78.Final.jar;E:\App\apache-maven-3.9.6\mvn_repo\io\netty\netty-resolver\4.1.78.Final\netty-resolver-4.1.78.Final.jar;E:\App\apache-maven-3.9.6\mvn_repo\io\netty\netty-buffer\4.1.78.Final\netty-buffer-4.1.78.Final.jar;E:\App\apache-maven-3.9.6\mvn_repo\io\netty\netty-transport\4.1.78.Final\netty-transport-4.1.78.Final.jar;E:\App\apache-maven-3.9.6\mvn_repo\io\netty\netty-transport-native-unix-common\4.1.78.Final\netty-transport-native-unix-common-4.1.78.Final.jar;E:\App\apache-maven-3.9.6\mvn_repo\io\netty\netty-codec\4.1.78.Final\netty-codec-4.1.78.Final.jar;E:\App\apache-maven-3.9.6\mvn_repo\com\datastax\oss\java-driver-shaded-guava\25.1-jre-graal-sub-1\java-driver-shaded-guava-25.1-jre-graal-sub-1.jar;E:\App\apache-maven-3.9.6\mvn_repo\com\typesafe\config\1.4.1\config-1.4.1.jar;E:\App\apache-maven-3.9.6\mvn_repo\com\github\jnr\jnr-posix\3.1.15\jnr-posix-3.1.15.jar;E:\App\apache-maven-3.9.6\mvn_repo\com\github\jnr\jnr-ffi\2.2.11\jnr-ffi-2.2.11.jar;E:\App\apache-maven-3.9.6\mvn_repo\com\github\jnr\jffi\1.3.9\jffi-1.3.9.jar;E:\App\apache-maven-3.9.6\mvn_repo\com\github\jnr\jffi\1.3.9\jffi-1.3.9-native.jar;E:\App\apache-maven-3.9.6\mvn_repo\org\ow2\asm\asm-commons\9.2\asm-commons-9.2.jar;E:\App\apache-maven-3.9.6\mvn_repo\org\ow2\asm\asm-analysis\9.2\asm-analysis-9.2.jar;E:\App\apache-maven-3.9.6\mvn_repo\org\ow2\asm\asm-tree\9.2\asm-tree-9.2.jar;E:\App\apache-maven-3.9.6\mvn_repo\org\ow2\asm\asm-util\9.2\asm-util-9.2.jar;E:\App\apache-maven-3.9.6\mvn_repo\com\github\jnr\jnr-a64asm\1.0.0\jnr-a64asm-1.0.0.jar;E:\App\apache-maven-3.9.6\mvn_repo\com\github\jnr\jnr-x86asm\1.0.2\jnr-x86asm-1.0.2.jar;E:\App\apache-maven-3.9.6\mvn_repo\com\github\jnr\jnr-constants\0.10.3\jnr-constants-0.10.3.jar;E:\App\apache-maven-3.9.6\mvn_repo\io\dropwizard\metrics\metrics-core\4.2.10\metrics-core-4.2.10.jar;E:\App\apache-maven-3.9.6\mvn_repo\org\hdrhistogram\HdrHistogram\2.1.12\HdrHistogram-2.1.12.jar;E:\App\apache-maven-3.9.6\mvn_repo\org\reactivestreams\reactive-streams\1.0.4\reactive-streams-1.0.4.jar;E:\App\apache-maven-3.9.6\mvn_repo\com\github\stephenc\jcip\jcip-annotations\1.0-1\jcip-annotations-1.0-1.jar;E:\App\apache-maven-3.9.6\mvn_repo\com\github\spotbugs\spotbugs-annotations\3.1.12\spotbugs-annotations-3.1.12.jar;E:\App\apache-maven-3.9.6\mvn_repo\com\datastax\oss\java-driver-query-builder\4.14.1\java-driver-query-builder-4.14.1.jar;E:\App\apache-maven-3.9.6\mvn_repo\org\springframework\boot\spring-boot-starter-web\2.7.1\spring-boot-starter-web-2.7.1.jar;E:\App\apache-maven-3.9.6\mvn_repo\org\springframework\boot\spring-boot-starter-json\2.7.1\spring-boot-starter-json-2.7.1.jar;E:\App\apache-maven-3.9.6\mvn_repo\com\fasterxml\jackson\datatype\jackson-datatype-jdk8\2.13.3\jackson-datatype-jdk8-2.13.3.jar;E:\App\apache-maven-3.9.6\mvn_repo\com\fasterxml\jackson\module\jackson-module-parameter-names\2.13.3\jackson-module-parameter-names-2.13.3.jar;E:\App\apache-maven-3.9.6\mvn_repo\org\springframework\boot\spring-boot-starter-tomcat\2.7.1\spring-boot-starter-tomcat-2.7.1.jar;E:\App\apache-maven-3.9.6\mvn_repo\org\apache\tomcat\embed\tomcat-embed-core\9.0.64\tomcat-embed-core-9.0.64.jar;E:\App\apache-maven-3.9.6\mvn_repo\org\apache\tomcat\embed\tomcat-embed-el\9.0.64\tomcat-embed-el-9.0.64.jar;E:\App\apache-maven-3.9.6\mvn_repo\org\apache\tomcat\embed\tomcat-embed-websocket\9.0.64\tomcat-embed-websocket-9.0.64.jar;E:\App\apache-maven-3.9.6\mvn_repo\org\springframework\spring-web\5.3.21\spring-web-5.3.21.jar;E:\App\apache-maven-3.9.6\mvn_repo\org\springframework\spring-webmvc\5.3.21\spring-webmvc-5.3.21.jar;E:\App\apache-maven-3.9.6\mvn_repo\org\springframework\spring-aop\5.3.21\spring-aop-5.3.21.jar;E:\App\apache-maven-3.9.6\mvn_repo\org\springframework\boot\spring-boot-devtools\2.7.1\spring-boot-devtools-2.7.1.jar;E:\App\apache-maven-3.9.6\mvn_repo\org\springframework\boot\spring-boot\2.7.1\spring-boot-2.7.1.jar;E:\App\apache-maven-3.9.6\mvn_repo\org\springframework\boot\spring-boot-autoconfigure\2.7.1\spring-boot-autoconfigure-2.7.1.jar;E:\App\apache-maven-3.9.6\mvn_repo\org\springframework\boot\spring-boot-starter-test\2.7.1\spring-boot-starter-test-2.7.1.jar;E:\App\apache-maven-3.9.6\mvn_repo\org\springframework\boot\spring-boot-test\2.7.1\spring-boot-test-2.7.1.jar;E:\App\apache-maven-3.9.6\mvn_repo\org\springframework\boot\spring-boot-test-autoconfigure\2.7.1\spring-boot-test-autoconfigure-2.7.1.jar;E:\App\apache-maven-3.9.6\mvn_repo\com\jayway\jsonpath\json-path\2.7.0\json-path-2.7.0.jar;E:\App\apache-maven-3.9.6\mvn_repo\net\minidev\json-smart\2.4.8\json-smart-2.4.8.jar;E:\App\apache-maven-3.9.6\mvn_repo\net\minidev\accessors-smart\2.4.8\accessors-smart-2.4.8.jar;E:\App\apache-maven-3.9.6\mvn_repo\org\ow2\asm\asm\9.1\asm-9.1.jar;E:\App\apache-maven-3.9.6\mvn_repo\jakarta\xml\bind\jakarta.xml.bind-api\2.3.3\jakarta.xml.bind-api-2.3.3.jar;E:\App\apache-maven-3.9.6\mvn_repo\jakarta\activation\jakarta.activation-api\1.2.2\jakarta.activation-api-1.2.2.jar;E:\App\apache-maven-3.9.6\mvn_repo\org\assertj\assertj-core\3.22.0\assertj-core-3.22.0.jar;E:\App\apache-maven-3.9.6\mvn_repo\org\hamcrest\hamcrest\2.2\hamcrest-2.2.jar;E:\App\apache-maven-3.9.6\mvn_repo\org\junit\jupiter\junit-jupiter\5.8.2\junit-jupiter-5.8.2.jar;E:\App\apache-maven-3.9.6\mvn_repo\org\junit\jupiter\junit-jupiter-api\5.8.2\junit-jupiter-api-5.8.2.jar;E:\App\apache-maven-3.9.6\mvn_repo\org\opentest4j\opentest4j\1.2.0\opentest4j-1.2.0.jar;E:\App\apache-maven-3.9.6\mvn_repo\org\junit\platform\junit-platform-commons\1.8.2\junit-platform-commons-1.8.2.jar;E:\App\apache-maven-3.9.6\mvn_repo\org\apiguardian\apiguardian-api\1.1.2\apiguardian-api-1.1.2.jar;E:\App\apache-maven-3.9.6\mvn_repo\org\junit\jupiter\junit-jupiter-params\5.8.2\junit-jupiter-params-5.8.2.jar;E:\App\apache-maven-3.9.6\mvn_repo\org\junit\jupiter\junit-jupiter-engine\5.8.2\junit-jupiter-engine-5.8.2.jar;E:\App\apache-maven-3.9.6\mvn_repo\org\junit\platform\junit-platform-engine\1.8.2\junit-platform-engine-1.8.2.jar;E:\App\apache-maven-3.9.6\mvn_repo\org\mockito\mockito-core\4.5.1\mockito-core-4.5.1.jar;E:\App\apache-maven-3.9.6\mvn_repo\net\bytebuddy\byte-buddy\1.12.11\byte-buddy-1.12.11.jar;E:\App\apache-maven-3.9.6\mvn_repo\net\bytebuddy\byte-buddy-agent\1.12.11\byte-buddy-agent-1.12.11.jar;E:\App\apache-maven-3.9.6\mvn_repo\org\objenesis\objenesis\3.2\objenesis-3.2.jar;E:\App\apache-maven-3.9.6\mvn_repo\org\mockito\mockito-junit-jupiter\4.5.1\mockito-junit-jupiter-4.5.1.jar;E:\App\apache-maven-3.9.6\mvn_repo\org\skyscreamer\jsonassert\1.5.0\jsonassert-1.5.0.jar;E:\App\apache-maven-3.9.6\mvn_repo\com\vaadin\external\google\android-json\0.0.20131108.vaadin1\android-json-0.0.20131108.vaadin1.jar;E:\App\apache-maven-3.9.6\mvn_repo\org\springframework\spring-core\5.3.21\spring-core-5.3.21.jar;E:\App\apache-maven-3.9.6\mvn_repo\org\springframework\spring-jcl\5.3.21\spring-jcl-5.3.21.jar;E:\App\apache-maven-3.9.6\mvn_repo\org\springframework\spring-test\5.3.21\spring-test-5.3.21.jar;E:\App\apache-maven-3.9.6\mvn_repo\org\xmlunit\xmlunit-core\2.9.0\xmlunit-core-2.9.0.jar;E:\App\apache-maven-3.9.6\mvn_repo\org\springframework\kafka\spring-kafka\2.8.7\spring-kafka-2.8.7.jar;E:\App\apache-maven-3.9.6\mvn_repo\org\springframework\spring-context\5.3.21\spring-context-5.3.21.jar;E:\App\apache-maven-3.9.6\mvn_repo\org\springframework\spring-messaging\5.3.21\spring-messaging-5.3.21.jar;E:\App\apache-maven-3.9.6\mvn_repo\org\springframework\retry\spring-retry\1.3.3\spring-retry-1.3.3.jar;E:\App\apache-maven-3.9.6\mvn_repo\org\apache\kafka\kafka-clients\3.1.1\kafka-clients-3.1.1.jar;E:\App\apache-maven-3.9.6\mvn_repo\com\github\luben\zstd-jni\1.5.0-4\zstd-jni-1.5.0-4.jar;E:\App\apache-maven-3.9.6\mvn_repo\org\lz4\lz4-java\1.8.0\lz4-java-1.8.0.jar;E:\App\apache-maven-3.9.6\mvn_repo\org\xerial\snappy\snappy-java\1.1.8.4\snappy-java-1.1.8.4.jar;E:\App\apache-maven-3.9.6\mvn_repo\com\google\code\findbugs\jsr305\3.0.2\jsr305-3.0.2.jar;E:\App\apache-maven-3.9.6\mvn_repo\org\projectlombok\lombok\1.18.24\lombok-1.18.24.jar;E:\App\apache-maven-3.9.6\mvn_repo\org\springframework\cloud\spring-cloud-starter-netflix-eureka-client\3.1.3\spring-cloud-starter-netflix-eureka-client-3.1.3.jar;E:\App\apache-maven-3.9.6\mvn_repo\org\springframework\cloud\spring-cloud-starter\3.1.3\spring-cloud-starter-3.1.3.jar;E:\App\apache-maven-3.9.6\mvn_repo\org\springframework\cloud\spring-cloud-context\3.1.3\spring-cloud-context-3.1.3.jar;E:\App\apache-maven-3.9.6\mvn_repo\org\springframework\security\spring-security-rsa\1.0.10.RELEASE\spring-security-rsa-1.0.10.RELEASE.jar;E:\App\apache-maven-3.9.6\mvn_repo\org\bouncycastle\bcpkix-jdk15on\1.68\bcpkix-jdk15on-1.68.jar;E:\App\apache-maven-3.9.6\mvn_repo\org\bouncycastle\bcprov-jdk15on\1.68\bcprov-jdk15on-1.68.jar;E:\App\apache-maven-3.9.6\mvn_repo\org\springframework\cloud\spring-cloud-netflix-eureka-client\3.1.3\spring-cloud-netflix-eureka-client-3.1.3.jar;E:\App\apache-maven-3.9.6\mvn_repo\com\netflix\eureka\eureka-client\1.10.17\eureka-client-1.10.17.jar;E:\App\apache-maven-3.9.6\mvn_repo\com\netflix\netflix-commons\netflix-eventbus\0.3.0\netflix-eventbus-0.3.0.jar;E:\App\apache-maven-3.9.6\mvn_repo\com\netflix\netflix-commons\netflix-infix\0.3.0\netflix-infix-0.3.0.jar;E:\App\apache-maven-3.9.6\mvn_repo\commons-jxpath\commons-jxpath\1.3\commons-jxpath-1.3.jar;E:\App\apache-maven-3.9.6\mvn_repo\joda-time\joda-time\2.3\joda-time-2.3.jar;E:\App\apache-maven-3.9.6\mvn_repo\org\antlr\antlr-runtime\3.4\antlr-runtime-3.4.jar;E:\App\apache-maven-3.9.6\mvn_repo\org\antlr\stringtemplate\3.2.1\stringtemplate-3.2.1.jar;E:\App\apache-maven-3.9.6\mvn_repo\antlr\antlr\2.7.7\antlr-2.7.7.jar;E:\App\apache-maven-3.9.6\mvn_repo\com\google\code\gson\gson\2.9.0\gson-2.9.0.jar;E:\App\apache-maven-3.9.6\mvn_repo\org\apache\commons\commons-math\2.2\commons-math-2.2.jar;E:\App\apache-maven-3.9.6\mvn_repo\com\thoughtworks\xstream\xstream\1.4.18\xstream-1.4.18.jar;E:\App\apache-maven-3.9.6\mvn_repo\io\github\x-stream\mxparser\1.2.2\mxparser-1.2.2.jar;E:\App\apache-maven-3.9.6\mvn_repo\xmlpull\xmlpull\1.1.3.1\xmlpull-1.1.3.1.jar;E:\App\apache-maven-3.9.6\mvn_repo\javax\ws\rs\jsr311-api\1.1.1\jsr311-api-1.1.1.jar;E:\App\apache-maven-3.9.6\mvn_repo\com\netflix\servo\servo-core\0.12.21\servo-core-0.12.21.jar;E:\App\apache-maven-3.9.6\mvn_repo\com\google\guava\guava\19.0\guava-19.0.jar;E:\App\apache-maven-3.9.6\mvn_repo\org\apache\httpcomponents\httpclient\4.5.13\httpclient-4.5.13.jar;E:\App\apache-maven-3.9.6\mvn_repo\org\apache\httpcomponents\httpcore\4.4.15\httpcore-4.4.15.jar;E:\App\apache-maven-3.9.6\mvn_repo\commons-codec\commons-codec\1.15\commons-codec-1.15.jar;E:\App\apache-maven-3.9.6\mvn_repo\commons-configuration\commons-configuration\1.10\commons-configuration-1.10.jar;E:\App\apache-maven-3.9.6\mvn_repo\commons-lang\commons-lang\2.6\commons-lang-2.6.jar;E:\App\apache-maven-3.9.6\mvn_repo\com\google\inject\guice\4.1.0\guice-4.1.0.jar;E:\App\apache-maven-3.9.6\mvn_repo\javax\inject\javax.inject\1\javax.inject-1.jar;E:\App\apache-maven-3.9.6\mvn_repo\org\codehaus\jettison\jettison\1.4.0\jettison-1.4.0.jar;E:\App\apache-maven-3.9.6\mvn_repo\com\netflix\eureka\eureka-core\1.10.17\eureka-core-1.10.17.jar;E:\App\apache-maven-3.9.6\mvn_repo\com\fasterxml\woodstox\woodstox-core\6.2.1\woodstox-core-6.2.1.jar;E:\App\apache-maven-3.9.6\mvn_repo\org\codehaus\woodstox\stax2-api\4.2.1\stax2-api-4.2.1.jar;E:\App\apache-maven-3.9.6\mvn_repo\org\springframework\cloud\spring-cloud-starter-loadbalancer\3.1.3\spring-cloud-starter-loadbalancer-3.1.3.jar;E:\App\apache-maven-3.9.6\mvn_repo\org\springframework\cloud\spring-cloud-loadbalancer\3.1.3\spring-cloud-loadbalancer-3.1.3.jar;E:\App\apache-maven-3.9.6\mvn_repo\io\projectreactor\reactor-core\3.4.19\reactor-core-3.4.19.jar;E:\App\apache-maven-3.9.6\mvn_repo\io\projectreactor\addons\reactor-extra\3.4.8\reactor-extra-3.4.8.jar;E:\App\apache-maven-3.9.6\mvn_repo\org\springframework\boot\spring-boot-starter-cache\2.7.1\spring-boot-starter-cache-2.7.1.jar;E:\App\apache-maven-3.9.6\mvn_repo\org\springframework\spring-context-support\5.3.21\spring-context-support-5.3.21.jar;E:\App\apache-maven-3.9.6\mvn_repo\com\stoyanr\evictor\1.0.0\evictor-1.0.0.jar;E:\App\apache-maven-3.9.6\mvn_repo\com\datastax\astra\astra-db-java\1.0.0\astra-db-java-1.0.0.jar;E:\App\apache-maven-3.9.6\mvn_repo\com\datastax\astra\astra-sdk-devops\1.2.7\astra-sdk-devops-1.2.7.jar;E:\App\apache-maven-3.9.6\mvn_repo\org\apache\httpcomponents\client5\httpclient5\5.1.3\httpclient5-5.1.3.jar;E:\App\apache-maven-3.9.6\mvn_repo\org\apache\httpcomponents\core5\httpcore5\5.1.3\httpcore5-5.1.3.jar;E:\App\apache-maven-3.9.6\mvn_repo\org\apache\httpcomponents\core5\httpcore5-h2\5.1.3\httpcore5-h2-5.1.3.jar;E:\App\apache-maven-3.9.6\mvn_repo\com\fasterxml\uuid\java-uuid-generator\5.0.0\java-uuid-generator-5.0.0.jar;E:\App\apache-maven-3.9.6\mvn_repo\org\slf4j\slf4j-api\1.7.36\slf4j-api-1.7.36.jar;E:\App\apache-maven-3.9.6\mvn_repo\com\evanlennick\retry4j\0.15.0\retry4j-0.15.0.jar;E:\App\apache-maven-3.9.6\mvn_repo\com\fasterxml\jackson\core\jackson-core\2.13.3\jackson-core-2.13.3.jar;E:\App\apache-maven-3.9.6\mvn_repo\com\fasterxml\jackson\core\jackson-annotations\2.13.3\jackson-annotations-2.13.3.jar;E:\App\apache-maven-3.9.6\mvn_repo\com\fasterxml\jackson\core\jackson-databind\2.13.3\jackson-databind-2.13.3.jar;E:\App\apache-maven-3.9.6\mvn_repo\com\fasterxml\jackson\datatype\jackson-datatype-jsr310\2.13.3\jackson-datatype-jsr310-2.13.3.jar;E:\App\apache-maven-3.9.6\mvn_repo\org\springframework\cloud\spring-cloud-starter-openfeign\3.1.3\spring-cloud-starter-openfeign-3.1.3.jar;E:\App\apache-maven-3.9.6\mvn_repo\org\springframework\cloud\spring-cloud-openfeign-core\3.1.3\spring-cloud-openfeign-core-3.1.3.jar;E:\App\apache-maven-3.9.6\mvn_repo\org\springframework\boot\spring-boot-starter-aop\2.7.1\spring-boot-starter-aop-2.7.1.jar;E:\App\apache-maven-3.9.6\mvn_repo\org\aspectj\aspectjweaver\1.9.7\aspectjweaver-1.9.7.jar;E:\App\apache-maven-3.9.6\mvn_repo\io\github\openfeign\form\feign-form-spring\3.8.0\feign-form-spring-3.8.0.jar;E:\App\apache-maven-3.9.6\mvn_repo\io\github\openfeign\form\feign-form\3.8.0\feign-form-3.8.0.jar;E:\App\apache-maven-3.9.6\mvn_repo\commons-fileupload\commons-fileupload\1.4\commons-fileupload-1.4.jar;E:\App\apache-maven-3.9.6\mvn_repo\commons-io\commons-io\2.2\commons-io-2.2.jar;E:\App\apache-maven-3.9.6\mvn_repo\org\springframework\cloud\spring-cloud-commons\3.1.3\spring-cloud-commons-3.1.3.jar;E:\App\apache-maven-3.9.6\mvn_repo\org\springframework\security\spring-security-crypto\5.7.2\spring-security-crypto-5.7.2.jar;E:\App\apache-maven-3.9.6\mvn_repo\io\github\openfeign\feign-core\11.8\feign-core-11.8.jar;E:\App\apache-maven-3.9.6\mvn_repo\io\github\openfeign\feign-slf4j\11.8\feign-slf4j-11.8.jar;"/>
    <property name="sun.cpu.endian" value="little"/>
    <property name="user.home" value="C:\Users\muran"/>
    <property name="user.language" value="en"/>
    <property name="java.specification.vendor" value="Oracle Corporation"/>
    <property name="java.version.date" value="2022-04-22"/>
    <property name="java.home" value="E:\Study\JDK"/>
    <property name="file.separator" value="\"/>
    <property name="basedir" value="E:\Study\ChuwaProject\online-shopping\OrderService"/>
    <property name="java.vm.compressedOopsMode" value="Zero based"/>
    <property name="line.separator" value="&#10;"/>
    <property name="java.vm.specification.vendor" value="Oracle Corporation"/>
    <property name="java.specification.name" value="Java Platform API Specification"/>
    <property name="surefire.real.class.path" value="C:\Users\muran\AppData\Local\Temp\surefire14976038764416484708\surefirebooter12055399295529149433.jar"/>
    <property name="user.script" value=""/>
    <property name="sun.management.compiler" value="HotSpot 64-Bit Tiered Compilers"/>
    <property name="java.runtime.version" value="18.0.1.1+2-6"/>
    <property name="user.name" value="muran"/>
    <property name="path.separator" value=";"/>
    <property name="os.version" value="10.0"/>
    <property name="java.runtime.name" value="Java(TM) SE Runtime Environment"/>
    <property name="file.encoding" value="UTF-8"/>
    <property name="java.vm.name" value="Java HotSpot(TM) 64-Bit Server VM"/>
    <property name="localRepository" value="E:\App\apache-maven-3.9.6\mvn_repo"/>
    <property name="java.vendor.url.bug" value="https://bugreport.java.com/bugreport/"/>
    <property name="java.io.tmpdir" value="C:\Users\muran\AppData\Local\Temp\"/>
    <property name="java.version" value="18.0.1.1"/>
    <property name="user.dir" value="E:\Study\ChuwaProject\online-shopping\OrderService"/>
    <property name="os.arch" value="amd64"/>
    <property name="java.vm.specification.name" value="Java Virtual Machine Specification"/>
    <property name="sun.os.patch.level" value=""/>
    <property name="native.encoding" value="GBK"/>
    <property name="java.library.path" value="E:\Study\JDK\bin;C:\WINDOWS\Sun\Java\bin;C:\WINDOWS\system32;C:\WINDOWS;E:\VMware\bin\;C:\Program Files\NVIDIA GPU Computing Toolkit\CUDA\v12.1\bin;C:\Program Files\NVIDIA GPU Computing Toolkit\CUDA\v12.1\libnvvp;C:\Program Files\NVIDIA GPU Computing Toolkit\CUDA\v11.7\bin;C:\Program Files\NVIDIA GPU Computing Toolkit\CUDA\v11.7\libnvvp;C:\Program Files\NVIDIA\CUDNN\v9.1\bin;E:\App\21C\dbhomeXE\bin;E:\Study\JDK\bin;C:\Program Files\Common Files\Oracle\Java\javapath;C:\Windows\system32;C:\Windows;C:\Windows\System32\Wbem;C:\Windows\System32\WindowsPowerShell\v1.0\;C:\Windows\System32\OpenSSH\;C:\Program Files (x86)\NVIDIA Corporation\PhysX\Common;C:\WINDOWS\system32;C:\WINDOWS;C:\WINDOWS\System32\Wbem;C:\WINDOWS\System32\WindowsPowerShell\v1.0\;C:\WINDOWS\System32\OpenSSH\;C:\Program Files\Git\cmd;C:\Program Files\dotnet\;F:\php-8.2.6;E:\App\Oracle\instantclient_21_10;%M2_HOME%\bin;E:\App\apache-maven-3.9.6\bin;E:\App\Python;E:\App\Python\Scripts;E:\App\Python;C:\msys64\mingw64\bin;C:\msys64\usr\bin;C:\Program Files\NVIDIA Corporation\Nsight Compute 2023.1.1\;D:\App\calibre\;C:\WINDOWS\system32;C:\WINDOWS;C:\WINDOWS\System32\Wbem;C:\WINDOWS\System32\WindowsPowerShell\v1.0\;C:\WINDOWS\System32\OpenSSH\;C:\Program Files\NVIDIA Corporation\NVIDIA app\NvDLISR;C:\Program Files\Docker\Docker\resources\bin;E:\App\Python\Scripts\;E:\App\Python\;C:\Users\muran\AppData\Local\Microsoft\WindowsApps;E:\Study\IDEA\IntelliJ IDEA Educational Edition 2022.1.3\bin;C:\msys64\mingw64\bin;;C:\php-8.2.6;%PyCharm Community Edition%;E:\App\PyCharm 2023.1.2\bin;;C:\msys64\bin;E:\App\IDEA\IntelliJ IDEA 2023.2.2\bin;;E:\App\Microsoft VS Code\bin;C:\Users\muran\AppData\Local\Muse Hub\lib;;."/>
    <property name="java.vm.info" value="mixed mode, sharing"/>
    <property name="java.vendor" value="Oracle Corporation"/>
    <property name="java.vm.version" value="18.0.1.1+2-6"/>
    <property name="sun.io.unicode.encoding" value="UnicodeLittle"/>
    <property name="java.class.version" value="62.0"/>
  </properties>
  <testcase name="contextLoads" classname="com.project.service.OrderServiceApplicationTests" time="0.002">
    <error message="Failed to load ApplicationContext" type="java.lang.IllegalStateException">java.lang.IllegalStateException: Failed to load ApplicationContext
Caused by: org.springframework.beans.factory.BeanCreationException: Error creating bean with name 'astraDBConnection' defined in file [E:\Study\ChuwaProject\online-shopping\OrderService\target\classes\com\project\config\AstraDBConnection.class]: Instantiation of bean failed; nested exception is org.springframework.beans.BeanInstantiationException: Failed to instantiate [com.project.config.AstraDBConnection]: Constructor threw exception; nested exception is java.lang.IllegalArgumentException: Invalid DB URL format
Caused by: org.springframework.beans.BeanInstantiationException: Failed to instantiate [com.project.config.AstraDBConnection]: Constructor threw exception; nested exception is java.lang.IllegalArgumentException: Invalid DB URL format
Caused by: java.lang.IllegalArgumentException: Invalid DB URL format
</error>
    <system-out><![CDATA[20:58:08.210 [main] DEBUG org.springframework.test.context.BootstrapUtils - Instantiating CacheAwareContextLoaderDelegate from class [org.springframework.test.context.cache.DefaultCacheAwareContextLoaderDelegate]
20:58:08.218 [main] DEBUG org.springframework.test.context.BootstrapUtils - Instantiating BootstrapContext using constructor [public org.springframework.test.context.support.DefaultBootstrapContext(java.lang.Class,org.springframework.test.context.CacheAwareContextLoaderDelegate)]
20:58:08.248 [main] DEBUG org.springframework.test.context.BootstrapUtils - Instantiating TestContextBootstrapper for test class [com.project.service.OrderServiceApplicationTests] from class [org.springframework.boot.test.context.SpringBootTestContextBootstrapper]
20:58:08.257 [main] INFO org.springframework.boot.test.context.SpringBootTestContextBootstrapper - Neither @ContextConfiguration nor @ContextHierarchy found for test class [com.project.service.OrderServiceApplicationTests], using SpringBootContextLoader
20:58:08.260 [main] DEBUG org.springframework.test.context.support.AbstractContextLoader - Did not detect default resource location for test class [com.project.service.OrderServiceApplicationTests]: class path resource [com/project/service/OrderServiceApplicationTests-context.xml] does not exist
20:58:08.261 [main] DEBUG org.springframework.test.context.support.AbstractContextLoader - Did not detect default resource location for test class [com.project.service.OrderServiceApplicationTests]: class path resource [com/project/service/OrderServiceApplicationTestsContext.groovy] does not exist
20:58:08.261 [main] INFO org.springframework.test.context.support.AbstractContextLoader - Could not detect default resource locations for test class [com.project.service.OrderServiceApplicationTests]: no resource found for suffixes {-context.xml, Context.groovy}.
20:58:08.261 [main] INFO org.springframework.test.context.support.AnnotationConfigContextLoaderUtils - Could not detect default configuration classes for test class [com.project.service.OrderServiceApplicationTests]: OrderServiceApplicationTests does not declare any static, non-private, non-final, nested classes annotated with @Configuration.
20:58:08.303 [main] DEBUG org.springframework.test.context.support.ActiveProfilesUtils - Could not find an 'annotation declaring class' for annotation type [org.springframework.test.context.ActiveProfiles] and class [com.project.service.OrderServiceApplicationTests]
20:58:08.358 [main] DEBUG org.springframework.context.annotation.ClassPathScanningCandidateComponentProvider - Identified candidate component class: file [E:\Study\ChuwaProject\online-shopping\OrderService\target\classes\com\project\OrderServiceApplication.class]
20:58:08.359 [main] INFO org.springframework.boot.test.context.SpringBootTestContextBootstrapper - Found @SpringBootConfiguration com.project.OrderServiceApplication for test class com.project.service.OrderServiceApplicationTests
20:58:08.453 [main] DEBUG org.springframework.boot.test.context.SpringBootTestContextBootstrapper - @TestExecutionListeners is not present for class [com.project.service.OrderServiceApplicationTests]: using defaults.
20:58:08.453 [main] INFO org.springframework.boot.test.context.SpringBootTestContextBootstrapper - Loaded default TestExecutionListener class names from location [META-INF/spring.factories]: [org.springframework.boot.test.mock.mockito.MockitoTestExecutionListener, org.springframework.boot.test.mock.mockito.ResetMocksTestExecutionListener, org.springframework.boot.test.autoconfigure.restdocs.RestDocsTestExecutionListener, org.springframework.boot.test.autoconfigure.web.client.MockRestServiceServerResetTestExecutionListener, org.springframework.boot.test.autoconfigure.web.servlet.MockMvcPrintOnlyOnFailureTestExecutionListener, org.springframework.boot.test.autoconfigure.web.servlet.WebDriverTestExecutionListener, org.springframework.boot.test.autoconfigure.webservices.client.MockWebServiceServerTestExecutionListener, org.springframework.test.context.web.ServletTestExecutionListener, org.springframework.test.context.support.DirtiesContextBeforeModesTestExecutionListener, org.springframework.test.context.event.ApplicationEventsTestExecutionListener, org.springframework.test.context.support.DependencyInjectionTestExecutionListener, org.springframework.test.context.support.DirtiesContextTestExecutionListener, org.springframework.test.context.transaction.TransactionalTestExecutionListener, org.springframework.test.context.jdbc.SqlScriptsTestExecutionListener, org.springframework.test.context.event.EventPublishingTestExecutionListener]
20:58:08.466 [main] INFO org.springframework.boot.test.context.SpringBootTestContextBootstrapper - Using TestExecutionListeners: [org.springframework.test.context.web.ServletTestExecutionListener@3da30852, org.springframework.test.context.support.DirtiesContextBeforeModesTestExecutionListener@403f0a22, org.springframework.test.context.event.ApplicationEventsTestExecutionListener@503ecb24, org.springframework.boot.test.mock.mockito.MockitoTestExecutionListener@4c51cf28, org.springframework.boot.test.autoconfigure.SpringBootDependencyInjectionTestExecutionListener@6995bf68, org.springframework.test.context.support.DirtiesContextTestExecutionListener@5143c662, org.springframework.test.context.transaction.TransactionalTestExecutionListener@77825085, org.springframework.test.context.jdbc.SqlScriptsTestExecutionListener@3568f9d2, org.springframework.test.context.event.EventPublishingTestExecutionListener@71c27ee8, org.springframework.boot.test.mock.mockito.ResetMocksTestExecutionListener@3e7dd664, org.springframework.boot.test.autoconfigure.restdocs.RestDocsTestExecutionListener@5b1ebf56, org.springframework.boot.test.autoconfigure.web.client.MockRestServiceServerResetTestExecutionListener@294a6b8e, org.springframework.boot.test.autoconfigure.web.servlet.MockMvcPrintOnlyOnFailureTestExecutionListener@4b1d6571, org.springframework.boot.test.autoconfigure.web.servlet.WebDriverTestExecutionListener@1b835480, org.springframework.boot.test.autoconfigure.webservices.client.MockWebServiceServerTestExecutionListener@3549bca9]
20:58:08.469 [main] DEBUG org.springframework.test.context.support.AbstractDirtiesContextTestExecutionListener - Before test class: context [DefaultTestContext@66ac5762 testClass = OrderServiceApplicationTests, testInstance = [null], testMethod = [null], testException = [null], mergedContextConfiguration = [WebMergedContextConfiguration@797cf65c testClass = OrderServiceApplicationTests, locations = '{}', classes = '{class com.project.OrderServiceApplication}', contextInitializerClasses = '[]', activeProfiles = '{}', propertySourceLocations = '{}', propertySourceProperties = '{org.springframework.boot.test.context.SpringBootTestContextBootstrapper=true}', contextCustomizers = set[org.springframework.boot.test.context.filter.ExcludeFilterContextCustomizer@550dbc7a, org.springframework.boot.test.json.DuplicateJsonObjectContextCustomizerFactory$DuplicateJsonObjectContextCustomizer@23c30a20, org.springframework.boot.test.mock.mockito.MockitoContextCustomizer@0, org.springframework.boot.test.web.client.TestRestTemplateContextCustomizer@428640fa, org.springframework.boot.test.autoconfigure.actuate.metrics.MetricsExportContextCustomizerFactory$DisableMetricExportContextCustomizer@7d4f9aae, org.springframework.boot.test.autoconfigure.properties.PropertyMappingContextCustomizer@0, org.springframework.boot.test.autoconfigure.web.servlet.WebDriverContextCustomizerFactory$Customizer@25641d39, org.springframework.boot.test.context.SpringBootTestArgs@1, org.springframework.boot.test.context.SpringBootTestWebEnvironment@64485a47], resourceBasePath = 'src/main/webapp', contextLoader = 'org.springframework.boot.test.context.SpringBootContextLoader', parent = [null]], attributes = map['org.springframework.test.context.web.ServletTestExecutionListener.activateListener' -> true]], class annotated with @DirtiesContext [false] with mode [null].

  .   ____          _            __ _ _
 /\\ / ___'_ __ _ _(_)_ __  __ _ \ \ \ \
( ( )\___ | '_ | '_| | '_ \/ _` | \ \ \ \
 \\/  ___)| |_)| | | | | || (_| |  ) ) ) )
  '  |____| .__|_| |_|_| |_\__, | / / / /
 =========|_|==============|___/=/_/_/_/
 :: Spring Boot ::                (v2.7.1)

2025-08-10 20:58:08.998  INFO 23188 --- [           main] c.p.s.OrderServiceApplicationTests       : Starting OrderServiceApplicationTests using Java 18.0.1.1 on Ezvea-ASUS with PID 23188 (started by muran in E:\Study\ChuwaProject\online-shopping\OrderService)
2025-08-10 20:58:08.999  INFO 23188 --- [           main] c.p.s.OrderServiceApplicationTests       : No active profile set, falling back to 1 default profile: "default"
2025-08-10 20:58:09.645  INFO 23188 --- [           main] .s.d.r.c.RepositoryConfigurationDelegate : Bootstrapping Spring Data Reactive Cassandra repositories in DEFAULT mode.
2025-08-10 20:58:09.654  INFO 23188 --- [           main] .s.d.r.c.RepositoryConfigurationDelegate : Finished Spring Data repository scanning in 6 ms. Found 0 Reactive Cassandra repository interfaces.
2025-08-10 20:58:09.658  INFO 23188 --- [           main] .s.d.r.c.RepositoryConfigurationDelegate : Bootstrapping Spring Data Cassandra repositories in DEFAULT mode.
2025-08-10 20:58:09.661  INFO 23188 --- [           main] .s.d.r.c.RepositoryConfigurationDelegate : Finished Spring Data repository scanning in 2 ms. Found 0 Cassandra repository interfaces.
2025-08-10 20:58:09.917  INFO 23188 --- [           main] o.s.cloud.context.scope.GenericScope     : BeanFactory id=3d39a39d-44ed-3586-b144-ba2651499b77
2025-08-10 20:58:10.076  WARN 23188 --- [           main] o.s.w.c.s.GenericWebApplicationContext   : Exception encountered during context initialization - cancelling refresh attempt: org.springframework.beans.factory.BeanCreationException: Error creating bean with name 'astraDBConnection' defined in file [E:\Study\ChuwaProject\online-shopping\OrderService\target\classes\com\project\config\AstraDBConnection.class]: Instantiation of bean failed; nested exception is org.springframework.beans.BeanInstantiationException: Failed to instantiate [com.project.config.AstraDBConnection]: Constructor threw exception; nested exception is java.lang.IllegalArgumentException: Invalid DB URL format
2025-08-10 20:58:10.087  INFO 23188 --- [           main] ConditionEvaluationReportLoggingListener : 

Error starting ApplicationContext. To display the conditions report re-run your application with 'debug' enabled.
2025-08-10 20:58:10.110 ERROR 23188 --- [           main] o.s.boot.SpringApplication               : Application run failed

org.springframework.beans.factory.BeanCreationException: Error creating bean with name 'astraDBConnection' defined in file [E:\Study\ChuwaProject\online-shopping\OrderService\target\classes\com\project\config\AstraDBConnection.class]: Instantiation of bean failed; nested exception is org.springframework.beans.BeanInstantiationException: Failed to instantiate [com.project.config.AstraDBConnection]: Constructor threw exception; nested exception is java.lang.IllegalArgumentException: Invalid DB URL format
	at org.springframework.beans.factory.support.AbstractAutowireCapableBeanFactory.instantiateBean(AbstractAutowireCapableBeanFactory.java:1334) ~[spring-beans-5.3.21.jar:5.3.21]
	at org.springframework.beans.factory.support.AbstractAutowireCapableBeanFactory.createBeanInstance(AbstractAutowireCapableBeanFactory.java:1232) ~[spring-beans-5.3.21.jar:5.3.21]
	at org.springframework.beans.factory.support.AbstractAutowireCapableBeanFactory.doCreateBean(AbstractAutowireCapableBeanFactory.java:582) ~[spring-beans-5.3.21.jar:5.3.21]
	at org.springframework.beans.factory.support.AbstractAutowireCapableBeanFactory.createBean(AbstractAutowireCapableBeanFactory.java:542) ~[spring-beans-5.3.21.jar:5.3.21]
	at org.springframework.beans.factory.support.AbstractBeanFactory.lambda$doGetBean$0(AbstractBeanFactory.java:335) ~[spring-beans-5.3.21.jar:5.3.21]
	at org.springframework.beans.factory.support.DefaultSingletonBeanRegistry.getSingleton(DefaultSingletonBeanRegistry.java:234) ~[spring-beans-5.3.21.jar:5.3.21]
	at org.springframework.beans.factory.support.AbstractBeanFactory.doGetBean(AbstractBeanFactory.java:333) ~[spring-beans-5.3.21.jar:5.3.21]
	at org.springframework.beans.factory.support.AbstractBeanFactory.getBean(AbstractBeanFactory.java:208) ~[spring-beans-5.3.21.jar:5.3.21]
	at org.springframework.beans.factory.support.DefaultListableBeanFactory.preInstantiateSingletons(DefaultListableBeanFactory.java:955) ~[spring-beans-5.3.21.jar:5.3.21]
	at org.springframework.context.support.AbstractApplicationContext.finishBeanFactoryInitialization(AbstractApplicationContext.java:918) ~[spring-context-5.3.21.jar:5.3.21]
	at org.springframework.context.support.AbstractApplicationContext.refresh(AbstractApplicationContext.java:583) ~[spring-context-5.3.21.jar:5.3.21]
	at org.springframework.boot.SpringApplication.refresh(SpringApplication.java:734) ~[spring-boot-2.7.1.jar:2.7.1]
	at org.springframework.boot.SpringApplication.refreshContext(SpringApplication.java:408) ~[spring-boot-2.7.1.jar:2.7.1]
	at org.springframework.boot.SpringApplication.run(SpringApplication.java:308) ~[spring-boot-2.7.1.jar:2.7.1]
	at org.springframework.boot.test.context.SpringBootContextLoader.loadContext(SpringBootContextLoader.java:132) ~[spring-boot-test-2.7.1.jar:2.7.1]
	at org.springframework.test.context.cache.DefaultCacheAwareContextLoaderDelegate.loadContextInternal(DefaultCacheAwareContextLoaderDelegate.java:99) ~[spring-test-5.3.21.jar:5.3.21]
	at org.springframework.test.context.cache.DefaultCacheAwareContextLoaderDelegate.loadContext(DefaultCacheAwareContextLoaderDelegate.java:124) ~[spring-test-5.3.21.jar:5.3.21]
	at org.springframework.test.context.support.DefaultTestContext.getApplicationContext(DefaultTestContext.java:124) ~[spring-test-5.3.21.jar:5.3.21]
	at org.springframework.test.context.web.ServletTestExecutionListener.setUpRequestContextIfNecessary(ServletTestExecutionListener.java:190) ~[spring-test-5.3.21.jar:5.3.21]
	at org.springframework.test.context.web.ServletTestExecutionListener.prepareTestInstance(ServletTestExecutionListener.java:132) ~[spring-test-5.3.21.jar:5.3.21]
	at org.springframework.test.context.TestContextManager.prepareTestInstance(TestContextManager.java:248) ~[spring-test-5.3.21.jar:5.3.21]
	at org.springframework.test.context.junit.jupiter.SpringExtension.postProcessTestInstance(SpringExtension.java:138) ~[spring-test-5.3.21.jar:5.3.21]
	at org.junit.jupiter.engine.descriptor.ClassBasedTestDescriptor.lambda$invokeTestInstancePostProcessors$8(ClassBasedTestDescriptor.java:363) ~[junit-jupiter-engine-5.8.2.jar:5.8.2]
	at org.junit.jupiter.engine.descriptor.ClassBasedTestDescriptor.executeAndMaskThrowable(ClassBasedTestDescriptor.java:368) ~[junit-jupiter-engine-5.8.2.jar:5.8.2]
	at org.junit.jupiter.engine.descriptor.ClassBasedTestDescriptor.lambda$invokeTestInstancePostProcessors$9(ClassBasedTestDescriptor.java:363) ~[junit-jupiter-engine-5.8.2.jar:5.8.2]
	at java.base/java.util.stream.ReferencePipeline$3$1.accept(ReferencePipeline.java:197) ~[na:na]
	at java.base/java.util.stream.ReferencePipeline$2$1.accept(ReferencePipeline.java:179) ~[na:na]
	at java.base/java.util.ArrayList$ArrayListSpliterator.forEachRemaining(ArrayList.java:1625) ~[na:na]
	at java.base/java.util.stream.AbstractPipeline.copyInto(AbstractPipeline.java:509) ~[na:na]
	at java.base/java.util.stream.AbstractPipeline.wrapAndCopyInto(AbstractPipeline.java:499) ~[na:na]
	at java.base/java.util.stream.StreamSpliterators$WrappingSpliterator.forEachRemaining(StreamSpliterators.java:310) ~[na:na]
	at java.base/java.util.stream.Streams$ConcatSpliterator.forEachRemaining(Streams.java:735) ~[na:na]
	at java.base/java.util.stream.Streams$ConcatSpliterator.forEachRemaining(Streams.java:734) ~[na:na]
	at java.base/java.util.stream.ReferencePipeline$Head.forEach(ReferencePipeline.java:762) ~[na:na]
	at org.junit.jupiter.engine.descriptor.ClassBasedTestDescriptor.invokeTestInstancePostProcessors(ClassBasedTestDescriptor.java:362) ~[junit-jupiter-engine-5.8.2.jar:5.8.2]
	at org.junit.jupiter.engine.descriptor.ClassBasedTestDescriptor.lambda$instantiateAndPostProcessTestInstance$6(ClassBasedTestDescriptor.java:283) ~[junit-jupiter-engine-5.8.2.jar:5.8.2]
	at org.junit.platform.engine.support.hierarchical.ThrowableCollector.execute(ThrowableCollector.java:73) ~[junit-platform-engine-1.8.2.jar:1.8.2]
	at org.junit.jupiter.engine.descriptor.ClassBasedTestDescriptor.instantiateAndPostProcessTestInstance(ClassBasedTestDescriptor.java:282) ~[junit-jupiter-engine-5.8.2.jar:5.8.2]
	at org.junit.jupiter.engine.descriptor.ClassBasedTestDescriptor.lambda$testInstancesProvider$4(ClassBasedTestDescriptor.java:272) ~[junit-jupiter-engine-5.8.2.jar:5.8.2]
	at java.base/java.util.Optional.orElseGet(Optional.java:364) ~[na:na]
	at org.junit.jupiter.engine.descriptor.ClassBasedTestDescriptor.lambda$testInstancesProvider$5(ClassBasedTestDescriptor.java:271) ~[junit-jupiter-engine-5.8.2.jar:5.8.2]
	at org.junit.jupiter.engine.execution.TestInstancesProvider.getTestInstances(TestInstancesProvider.java:31) ~[junit-jupiter-engine-5.8.2.jar:5.8.2]
	at org.junit.jupiter.engine.descriptor.TestMethodTestDescriptor.lambda$prepare$0(TestMethodTestDescriptor.java:102) ~[junit-jupiter-engine-5.8.2.jar:5.8.2]
	at org.junit.platform.engine.support.hierarchical.ThrowableCollector.execute(ThrowableCollector.java:73) ~[junit-platform-engine-1.8.2.jar:1.8.2]
	at org.junit.jupiter.engine.descriptor.TestMethodTestDescriptor.prepare(TestMethodTestDescriptor.java:101) ~[junit-jupiter-engine-5.8.2.jar:5.8.2]
	at org.junit.jupiter.engine.descriptor.TestMethodTestDescriptor.prepare(TestMethodTestDescriptor.java:66) ~[junit-jupiter-engine-5.8.2.jar:5.8.2]
	at org.junit.platform.engine.support.hierarchical.NodeTestTask.lambda$prepare$2(NodeTestTask.java:123) ~[junit-platform-engine-1.8.2.jar:1.8.2]
	at org.junit.platform.engine.support.hierarchical.ThrowableCollector.execute(ThrowableCollector.java:73) ~[junit-platform-engine-1.8.2.jar:1.8.2]
	at org.junit.platform.engine.support.hierarchical.NodeTestTask.prepare(NodeTestTask.java:123) ~[junit-platform-engine-1.8.2.jar:1.8.2]
	at org.junit.platform.engine.support.hierarchical.NodeTestTask.execute(NodeTestTask.java:90) ~[junit-platform-engine-1.8.2.jar:1.8.2]
	at java.base/java.util.ArrayList.forEach(ArrayList.java:1511) ~[na:na]
	at org.junit.platform.engine.support.hierarchical.SameThreadHierarchicalTestExecutorService.invokeAll(SameThreadHierarchicalTestExecutorService.java:41) ~[junit-platform-engine-1.8.2.jar:1.8.2]
	at org.junit.platform.engine.support.hierarchical.NodeTestTask.lambda$executeRecursively$6(NodeTestTask.java:155) ~[junit-platform-engine-1.8.2.jar:1.8.2]
	at org.junit.platform.engine.support.hierarchical.ThrowableCollector.execute(ThrowableCollector.java:73) ~[junit-platform-engine-1.8.2.jar:1.8.2]
	at org.junit.platform.engine.support.hierarchical.NodeTestTask.lambda$executeRecursively$8(NodeTestTask.java:141) ~[junit-platform-engine-1.8.2.jar:1.8.2]
	at org.junit.platform.engine.support.hierarchical.Node.around(Node.java:137) ~[junit-platform-engine-1.8.2.jar:1.8.2]
	at org.junit.platform.engine.support.hierarchical.NodeTestTask.lambda$executeRecursively$9(NodeTestTask.java:139) ~[junit-platform-engine-1.8.2.jar:1.8.2]
	at org.junit.platform.engine.support.hierarchical.ThrowableCollector.execute(ThrowableCollector.java:73) ~[junit-platform-engine-1.8.2.jar:1.8.2]
	at org.junit.platform.engine.support.hierarchical.NodeTestTask.executeRecursively(NodeTestTask.java:138) ~[junit-platform-engine-1.8.2.jar:1.8.2]
	at org.junit.platform.engine.support.hierarchical.NodeTestTask.execute(NodeTestTask.java:95) ~[junit-platform-engine-1.8.2.jar:1.8.2]
	at java.base/java.util.ArrayList.forEach(ArrayList.java:1511) ~[na:na]
	at org.junit.platform.engine.support.hierarchical.SameThreadHierarchicalTestExecutorService.invokeAll(SameThreadHierarchicalTestExecutorService.java:41) ~[junit-platform-engine-1.8.2.jar:1.8.2]
	at org.junit.platform.engine.support.hierarchical.NodeTestTask.lambda$executeRecursively$6(NodeTestTask.java:155) ~[junit-platform-engine-1.8.2.jar:1.8.2]
	at org.junit.platform.engine.support.hierarchical.ThrowableCollector.execute(ThrowableCollector.java:73) ~[junit-platform-engine-1.8.2.jar:1.8.2]
	at org.junit.platform.engine.support.hierarchical.NodeTestTask.lambda$executeRecursively$8(NodeTestTask.java:141) ~[junit-platform-engine-1.8.2.jar:1.8.2]
	at org.junit.platform.engine.support.hierarchical.Node.around(Node.java:137) ~[junit-platform-engine-1.8.2.jar:1.8.2]
	at org.junit.platform.engine.support.hierarchical.NodeTestTask.lambda$executeRecursively$9(NodeTestTask.java:139) ~[junit-platform-engine-1.8.2.jar:1.8.2]
	at org.junit.platform.engine.support.hierarchical.ThrowableCollector.execute(ThrowableCollector.java:73) ~[junit-platform-engine-1.8.2.jar:1.8.2]
	at org.junit.platform.engine.support.hierarchical.NodeTestTask.executeRecursively(NodeTestTask.java:138) ~[junit-platform-engine-1.8.2.jar:1.8.2]
	at org.junit.platform.engine.support.hierarchical.NodeTestTask.execute(NodeTestTask.java:95) ~[junit-platform-engine-1.8.2.jar:1.8.2]
	at org.junit.platform.engine.support.hierarchical.SameThreadHierarchicalTestExecutorService.submit(SameThreadHierarchicalTestExecutorService.java:35) ~[junit-platform-engine-1.8.2.jar:1.8.2]
	at org.junit.platform.engine.support.hierarchical.HierarchicalTestExecutor.execute(HierarchicalTestExecutor.java:57) ~[junit-platform-engine-1.8.2.jar:1.8.2]
	at org.junit.platform.engine.support.hierarchical.HierarchicalTestEngine.execute(HierarchicalTestEngine.java:54) ~[junit-platform-engine-1.8.2.jar:1.8.2]
	at org.junit.platform.launcher.core.DefaultLauncher.execute(DefaultLauncher.java:220) ~[junit-platform-launcher-1.3.1.jar:1.3.1]
	at org.junit.platform.launcher.core.DefaultLauncher.lambda$execute$6(DefaultLauncher.java:188) ~[junit-platform-launcher-1.3.1.jar:1.3.1]
	at org.junit.platform.launcher.core.DefaultLauncher.withInterceptedStreams(DefaultLauncher.java:202) ~[junit-platform-launcher-1.3.1.jar:1.3.1]
	at org.junit.platform.launcher.core.DefaultLauncher.execute(DefaultLauncher.java:181) ~[junit-platform-launcher-1.3.1.jar:1.3.1]
	at org.junit.platform.launcher.core.DefaultLauncher.execute(DefaultLauncher.java:128) ~[junit-platform-launcher-1.3.1.jar:1.3.1]
	at org.apache.maven.surefire.junitplatform.JUnitPlatformProvider.invokeAllTests(JUnitPlatformProvider.java:150) ~[surefire-junit-platform-2.22.2.jar:2.22.2]
	at org.apache.maven.surefire.junitplatform.JUnitPlatformProvider.invoke(JUnitPlatformProvider.java:124) ~[surefire-junit-platform-2.22.2.jar:2.22.2]
	at org.apache.maven.surefire.booter.ForkedBooter.invokeProviderInSameClassLoader(ForkedBooter.java:384) ~[surefire-booter-2.22.2.jar:2.22.2]
	at org.apache.maven.surefire.booter.ForkedBooter.runSuitesInProcess(ForkedBooter.java:345) ~[surefire-booter-2.22.2.jar:2.22.2]
	at org.apache.maven.surefire.booter.ForkedBooter.execute(ForkedBooter.java:126) ~[surefire-booter-2.22.2.jar:2.22.2]
	at org.apache.maven.surefire.booter.ForkedBooter.main(ForkedBooter.java:418) ~[surefire-booter-2.22.2.jar:2.22.2]
Caused by: org.springframework.beans.BeanInstantiationException: Failed to instantiate [com.project.config.AstraDBConnection]: Constructor threw exception; nested exception is java.lang.IllegalArgumentException: Invalid DB URL format
	at org.springframework.beans.BeanUtils.instantiateClass(BeanUtils.java:224) ~[spring-beans-5.3.21.jar:5.3.21]
	at org.springframework.beans.factory.support.SimpleInstantiationStrategy.instantiate(SimpleInstantiationStrategy.java:87) ~[spring-beans-5.3.21.jar:5.3.21]
	at org.springframework.beans.factory.support.AbstractAutowireCapableBeanFactory.instantiateBean(AbstractAutowireCapableBeanFactory.java:1326) ~[spring-beans-5.3.21.jar:5.3.21]
	... 83 common frames omitted
Caused by: java.lang.IllegalArgumentException: Invalid DB URL format
	at com.project.config.AstraDBConnection.<init>(AstraDBConnection.java:21) ~[classes/:na]
	at java.base/jdk.internal.reflect.DirectConstructorHandleAccessor.newInstance(DirectConstructorHandleAccessor.java:67) ~[na:na]
	at java.base/java.lang.reflect.Constructor.newInstanceWithCaller(Constructor.java:499) ~[na:na]
	at java.base/java.lang.reflect.Constructor.newInstance(Constructor.java:483) ~[na:na]
	at org.springframework.beans.BeanUtils.instantiateClass(BeanUtils.java:211) ~[spring-beans-5.3.21.jar:5.3.21]
	... 85 common frames omitted

2025-08-10 20:58:10.112 ERROR 23188 --- [           main] o.s.test.context.TestContextManager      : Caught exception while allowing TestExecutionListener [org.springframework.test.context.web.ServletTestExecutionListener@3da30852] to prepare test instance [com.project.service.OrderServiceApplicationTests@949c598]

java.lang.IllegalStateException: Failed to load ApplicationContext
	at org.springframework.test.context.cache.DefaultCacheAwareContextLoaderDelegate.loadContext(DefaultCacheAwareContextLoaderDelegate.java:132) ~[spring-test-5.3.21.jar:5.3.21]
	at org.springframework.test.context.support.DefaultTestContext.getApplicationContext(DefaultTestContext.java:124) ~[spring-test-5.3.21.jar:5.3.21]
	at org.springframework.test.context.web.ServletTestExecutionListener.setUpRequestContextIfNecessary(ServletTestExecutionListener.java:190) ~[spring-test-5.3.21.jar:5.3.21]
	at org.springframework.test.context.web.ServletTestExecutionListener.prepareTestInstance(ServletTestExecutionListener.java:132) ~[spring-test-5.3.21.jar:5.3.21]
	at org.springframework.test.context.TestContextManager.prepareTestInstance(TestContextManager.java:248) ~[spring-test-5.3.21.jar:5.3.21]
	at org.springframework.test.context.junit.jupiter.SpringExtension.postProcessTestInstance(SpringExtension.java:138) ~[spring-test-5.3.21.jar:5.3.21]
	at org.junit.jupiter.engine.descriptor.ClassBasedTestDescriptor.lambda$invokeTestInstancePostProcessors$8(ClassBasedTestDescriptor.java:363) ~[junit-jupiter-engine-5.8.2.jar:5.8.2]
	at org.junit.jupiter.engine.descriptor.ClassBasedTestDescriptor.executeAndMaskThrowable(ClassBasedTestDescriptor.java:368) ~[junit-jupiter-engine-5.8.2.jar:5.8.2]
	at org.junit.jupiter.engine.descriptor.ClassBasedTestDescriptor.lambda$invokeTestInstancePostProcessors$9(ClassBasedTestDescriptor.java:363) ~[junit-jupiter-engine-5.8.2.jar:5.8.2]
	at java.base/java.util.stream.ReferencePipeline$3$1.accept(ReferencePipeline.java:197) ~[na:na]
	at java.base/java.util.stream.ReferencePipeline$2$1.accept(ReferencePipeline.java:179) ~[na:na]
	at java.base/java.util.ArrayList$ArrayListSpliterator.forEachRemaining(ArrayList.java:1625) ~[na:na]
	at java.base/java.util.stream.AbstractPipeline.copyInto(AbstractPipeline.java:509) ~[na:na]
	at java.base/java.util.stream.AbstractPipeline.wrapAndCopyInto(AbstractPipeline.java:499) ~[na:na]
	at java.base/java.util.stream.StreamSpliterators$WrappingSpliterator.forEachRemaining(StreamSpliterators.java:310) ~[na:na]
	at java.base/java.util.stream.Streams$ConcatSpliterator.forEachRemaining(Streams.java:735) ~[na:na]
	at java.base/java.util.stream.Streams$ConcatSpliterator.forEachRemaining(Streams.java:734) ~[na:na]
	at java.base/java.util.stream.ReferencePipeline$Head.forEach(ReferencePipeline.java:762) ~[na:na]
	at org.junit.jupiter.engine.descriptor.ClassBasedTestDescriptor.invokeTestInstancePostProcessors(ClassBasedTestDescriptor.java:362) ~[junit-jupiter-engine-5.8.2.jar:5.8.2]
	at org.junit.jupiter.engine.descriptor.ClassBasedTestDescriptor.lambda$instantiateAndPostProcessTestInstance$6(ClassBasedTestDescriptor.java:283) ~[junit-jupiter-engine-5.8.2.jar:5.8.2]
	at org.junit.platform.engine.support.hierarchical.ThrowableCollector.execute(ThrowableCollector.java:73) ~[junit-platform-engine-1.8.2.jar:1.8.2]
	at org.junit.jupiter.engine.descriptor.ClassBasedTestDescriptor.instantiateAndPostProcessTestInstance(ClassBasedTestDescriptor.java:282) ~[junit-jupiter-engine-5.8.2.jar:5.8.2]
	at org.junit.jupiter.engine.descriptor.ClassBasedTestDescriptor.lambda$testInstancesProvider$4(ClassBasedTestDescriptor.java:272) ~[junit-jupiter-engine-5.8.2.jar:5.8.2]
	at java.base/java.util.Optional.orElseGet(Optional.java:364) ~[na:na]
	at org.junit.jupiter.engine.descriptor.ClassBasedTestDescriptor.lambda$testInstancesProvider$5(ClassBasedTestDescriptor.java:271) ~[junit-jupiter-engine-5.8.2.jar:5.8.2]
	at org.junit.jupiter.engine.execution.TestInstancesProvider.getTestInstances(TestInstancesProvider.java:31) ~[junit-jupiter-engine-5.8.2.jar:5.8.2]
	at org.junit.jupiter.engine.descriptor.TestMethodTestDescriptor.lambda$prepare$0(TestMethodTestDescriptor.java:102) ~[junit-jupiter-engine-5.8.2.jar:5.8.2]
	at org.junit.platform.engine.support.hierarchical.ThrowableCollector.execute(ThrowableCollector.java:73) ~[junit-platform-engine-1.8.2.jar:1.8.2]
	at org.junit.jupiter.engine.descriptor.TestMethodTestDescriptor.prepare(TestMethodTestDescriptor.java:101) ~[junit-jupiter-engine-5.8.2.jar:5.8.2]
	at org.junit.jupiter.engine.descriptor.TestMethodTestDescriptor.prepare(TestMethodTestDescriptor.java:66) ~[junit-jupiter-engine-5.8.2.jar:5.8.2]
	at org.junit.platform.engine.support.hierarchical.NodeTestTask.lambda$prepare$2(NodeTestTask.java:123) ~[junit-platform-engine-1.8.2.jar:1.8.2]
	at org.junit.platform.engine.support.hierarchical.ThrowableCollector.execute(ThrowableCollector.java:73) ~[junit-platform-engine-1.8.2.jar:1.8.2]
	at org.junit.platform.engine.support.hierarchical.NodeTestTask.prepare(NodeTestTask.java:123) ~[junit-platform-engine-1.8.2.jar:1.8.2]
	at org.junit.platform.engine.support.hierarchical.NodeTestTask.execute(NodeTestTask.java:90) ~[junit-platform-engine-1.8.2.jar:1.8.2]
	at java.base/java.util.ArrayList.forEach(ArrayList.java:1511) ~[na:na]
	at org.junit.platform.engine.support.hierarchical.SameThreadHierarchicalTestExecutorService.invokeAll(SameThreadHierarchicalTestExecutorService.java:41) ~[junit-platform-engine-1.8.2.jar:1.8.2]
	at org.junit.platform.engine.support.hierarchical.NodeTestTask.lambda$executeRecursively$6(NodeTestTask.java:155) ~[junit-platform-engine-1.8.2.jar:1.8.2]
	at org.junit.platform.engine.support.hierarchical.ThrowableCollector.execute(ThrowableCollector.java:73) ~[junit-platform-engine-1.8.2.jar:1.8.2]
	at org.junit.platform.engine.support.hierarchical.NodeTestTask.lambda$executeRecursively$8(NodeTestTask.java:141) ~[junit-platform-engine-1.8.2.jar:1.8.2]
	at org.junit.platform.engine.support.hierarchical.Node.around(Node.java:137) ~[junit-platform-engine-1.8.2.jar:1.8.2]
	at org.junit.platform.engine.support.hierarchical.NodeTestTask.lambda$executeRecursively$9(NodeTestTask.java:139) ~[junit-platform-engine-1.8.2.jar:1.8.2]
	at org.junit.platform.engine.support.hierarchical.ThrowableCollector.execute(ThrowableCollector.java:73) ~[junit-platform-engine-1.8.2.jar:1.8.2]
	at org.junit.platform.engine.support.hierarchical.NodeTestTask.executeRecursively(NodeTestTask.java:138) ~[junit-platform-engine-1.8.2.jar:1.8.2]
	at org.junit.platform.engine.support.hierarchical.NodeTestTask.execute(NodeTestTask.java:95) ~[junit-platform-engine-1.8.2.jar:1.8.2]
	at java.base/java.util.ArrayList.forEach(ArrayList.java:1511) ~[na:na]
	at org.junit.platform.engine.support.hierarchical.SameThreadHierarchicalTestExecutorService.invokeAll(SameThreadHierarchicalTestExecutorService.java:41) ~[junit-platform-engine-1.8.2.jar:1.8.2]
	at org.junit.platform.engine.support.hierarchical.NodeTestTask.lambda$executeRecursively$6(NodeTestTask.java:155) ~[junit-platform-engine-1.8.2.jar:1.8.2]
	at org.junit.platform.engine.support.hierarchical.ThrowableCollector.execute(ThrowableCollector.java:73) ~[junit-platform-engine-1.8.2.jar:1.8.2]
	at org.junit.platform.engine.support.hierarchical.NodeTestTask.lambda$executeRecursively$8(NodeTestTask.java:141) ~[junit-platform-engine-1.8.2.jar:1.8.2]
	at org.junit.platform.engine.support.hierarchical.Node.around(Node.java:137) ~[junit-platform-engine-1.8.2.jar:1.8.2]
	at org.junit.platform.engine.support.hierarchical.NodeTestTask.lambda$executeRecursively$9(NodeTestTask.java:139) ~[junit-platform-engine-1.8.2.jar:1.8.2]
	at org.junit.platform.engine.support.hierarchical.ThrowableCollector.execute(ThrowableCollector.java:73) ~[junit-platform-engine-1.8.2.jar:1.8.2]
	at org.junit.platform.engine.support.hierarchical.NodeTestTask.executeRecursively(NodeTestTask.java:138) ~[junit-platform-engine-1.8.2.jar:1.8.2]
	at org.junit.platform.engine.support.hierarchical.NodeTestTask.execute(NodeTestTask.java:95) ~[junit-platform-engine-1.8.2.jar:1.8.2]
	at org.junit.platform.engine.support.hierarchical.SameThreadHierarchicalTestExecutorService.submit(SameThreadHierarchicalTestExecutorService.java:35) ~[junit-platform-engine-1.8.2.jar:1.8.2]
	at org.junit.platform.engine.support.hierarchical.HierarchicalTestExecutor.execute(HierarchicalTestExecutor.java:57) ~[junit-platform-engine-1.8.2.jar:1.8.2]
	at org.junit.platform.engine.support.hierarchical.HierarchicalTestEngine.execute(HierarchicalTestEngine.java:54) ~[junit-platform-engine-1.8.2.jar:1.8.2]
	at org.junit.platform.launcher.core.DefaultLauncher.execute(DefaultLauncher.java:220) ~[junit-platform-launcher-1.3.1.jar:1.3.1]
	at org.junit.platform.launcher.core.DefaultLauncher.lambda$execute$6(DefaultLauncher.java:188) ~[junit-platform-launcher-1.3.1.jar:1.3.1]
	at org.junit.platform.launcher.core.DefaultLauncher.withInterceptedStreams(DefaultLauncher.java:202) ~[junit-platform-launcher-1.3.1.jar:1.3.1]
	at org.junit.platform.launcher.core.DefaultLauncher.execute(DefaultLauncher.java:181) ~[junit-platform-launcher-1.3.1.jar:1.3.1]
	at org.junit.platform.launcher.core.DefaultLauncher.execute(DefaultLauncher.java:128) ~[junit-platform-launcher-1.3.1.jar:1.3.1]
	at org.apache.maven.surefire.junitplatform.JUnitPlatformProvider.invokeAllTests(JUnitPlatformProvider.java:150) ~[surefire-junit-platform-2.22.2.jar:2.22.2]
	at org.apache.maven.surefire.junitplatform.JUnitPlatformProvider.invoke(JUnitPlatformProvider.java:124) ~[surefire-junit-platform-2.22.2.jar:2.22.2]
	at org.apache.maven.surefire.booter.ForkedBooter.invokeProviderInSameClassLoader(ForkedBooter.java:384) ~[surefire-booter-2.22.2.jar:2.22.2]
	at org.apache.maven.surefire.booter.ForkedBooter.runSuitesInProcess(ForkedBooter.java:345) ~[surefire-booter-2.22.2.jar:2.22.2]
	at org.apache.maven.surefire.booter.ForkedBooter.execute(ForkedBooter.java:126) ~[surefire-booter-2.22.2.jar:2.22.2]
	at org.apache.maven.surefire.booter.ForkedBooter.main(ForkedBooter.java:418) ~[surefire-booter-2.22.2.jar:2.22.2]
Caused by: org.springframework.beans.factory.BeanCreationException: Error creating bean with name 'astraDBConnection' defined in file [E:\Study\ChuwaProject\online-shopping\OrderService\target\classes\com\project\config\AstraDBConnection.class]: Instantiation of bean failed; nested exception is org.springframework.beans.BeanInstantiationException: Failed to instantiate [com.project.config.AstraDBConnection]: Constructor threw exception; nested exception is java.lang.IllegalArgumentException: Invalid DB URL format
	at org.springframework.beans.factory.support.AbstractAutowireCapableBeanFactory.instantiateBean(AbstractAutowireCapableBeanFactory.java:1334) ~[spring-beans-5.3.21.jar:5.3.21]
	at org.springframework.beans.factory.support.AbstractAutowireCapableBeanFactory.createBeanInstance(AbstractAutowireCapableBeanFactory.java:1232) ~[spring-beans-5.3.21.jar:5.3.21]
	at org.springframework.beans.factory.support.AbstractAutowireCapableBeanFactory.doCreateBean(AbstractAutowireCapableBeanFactory.java:582) ~[spring-beans-5.3.21.jar:5.3.21]
	at org.springframework.beans.factory.support.AbstractAutowireCapableBeanFactory.createBean(AbstractAutowireCapableBeanFactory.java:542) ~[spring-beans-5.3.21.jar:5.3.21]
	at org.springframework.beans.factory.support.AbstractBeanFactory.lambda$doGetBean$0(AbstractBeanFactory.java:335) ~[spring-beans-5.3.21.jar:5.3.21]
	at org.springframework.beans.factory.support.DefaultSingletonBeanRegistry.getSingleton(DefaultSingletonBeanRegistry.java:234) ~[spring-beans-5.3.21.jar:5.3.21]
	at org.springframework.beans.factory.support.AbstractBeanFactory.doGetBean(AbstractBeanFactory.java:333) ~[spring-beans-5.3.21.jar:5.3.21]
	at org.springframework.beans.factory.support.AbstractBeanFactory.getBean(AbstractBeanFactory.java:208) ~[spring-beans-5.3.21.jar:5.3.21]
	at org.springframework.beans.factory.support.DefaultListableBeanFactory.preInstantiateSingletons(DefaultListableBeanFactory.java:955) ~[spring-beans-5.3.21.jar:5.3.21]
	at org.springframework.context.support.AbstractApplicationContext.finishBeanFactoryInitialization(AbstractApplicationContext.java:918) ~[spring-context-5.3.21.jar:5.3.21]
	at org.springframework.context.support.AbstractApplicationContext.refresh(AbstractApplicationContext.java:583) ~[spring-context-5.3.21.jar:5.3.21]
	at org.springframework.boot.SpringApplication.refresh(SpringApplication.java:734) ~[spring-boot-2.7.1.jar:2.7.1]
	at org.springframework.boot.SpringApplication.refreshContext(SpringApplication.java:408) ~[spring-boot-2.7.1.jar:2.7.1]
	at org.springframework.boot.SpringApplication.run(SpringApplication.java:308) ~[spring-boot-2.7.1.jar:2.7.1]
	at org.springframework.boot.test.context.SpringBootContextLoader.loadContext(SpringBootContextLoader.java:132) ~[spring-boot-test-2.7.1.jar:2.7.1]
	at org.springframework.test.context.cache.DefaultCacheAwareContextLoaderDelegate.loadContextInternal(DefaultCacheAwareContextLoaderDelegate.java:99) ~[spring-test-5.3.21.jar:5.3.21]
	at org.springframework.test.context.cache.DefaultCacheAwareContextLoaderDelegate.loadContext(DefaultCacheAwareContextLoaderDelegate.java:124) ~[spring-test-5.3.21.jar:5.3.21]
	... 67 common frames omitted
Caused by: org.springframework.beans.BeanInstantiationException: Failed to instantiate [com.project.config.AstraDBConnection]: Constructor threw exception; nested exception is java.lang.IllegalArgumentException: Invalid DB URL format
	at org.springframework.beans.BeanUtils.instantiateClass(BeanUtils.java:224) ~[spring-beans-5.3.21.jar:5.3.21]
	at org.springframework.beans.factory.support.SimpleInstantiationStrategy.instantiate(SimpleInstantiationStrategy.java:87) ~[spring-beans-5.3.21.jar:5.3.21]
	at org.springframework.beans.factory.support.AbstractAutowireCapableBeanFactory.instantiateBean(AbstractAutowireCapableBeanFactory.java:1326) ~[spring-beans-5.3.21.jar:5.3.21]
	... 83 common frames omitted
Caused by: java.lang.IllegalArgumentException: Invalid DB URL format
	at com.project.config.AstraDBConnection.<init>(AstraDBConnection.java:21) ~[classes/:na]
	at java.base/jdk.internal.reflect.DirectConstructorHandleAccessor.newInstance(DirectConstructorHandleAccessor.java:67) ~[na:na]
	at java.base/java.lang.reflect.Constructor.newInstanceWithCaller(Constructor.java:499) ~[na:na]
	at java.base/java.lang.reflect.Constructor.newInstance(Constructor.java:483) ~[na:na]
	at org.springframework.beans.BeanUtils.instantiateClass(BeanUtils.java:211) ~[spring-beans-5.3.21.jar:5.3.21]
	... 85 common frames omitted

]]></system-out>
  </testcase>
</testsuite>